2025-09-11T01:18:34.061 application=api_v2 request_id=GGQVm-5VgJoqfsQAAAYo [info] Sent 200 in 16ms on GET /api/v2/main-page/indexing-status?
2025-09-11T01:18:34.066 application=api_v2 request_id=GGQVm--vrGXCBPwAAAZo [info] Sent 501 in 38µs on GET /api/v2/proxy/account-abstraction/status?
2025-09-11T01:18:39.087 application=api_v2 request_id=GGQVnRobk_eXwZ8AACah [info] Sent 200 in 13ms on GET /api/v2/main-page/indexing-status?
2025-09-11T01:18:39.091 application=api_v2 request_id=GGQVnRsqZeG3PfQAAAND [info] Sent 501 in 89µs on GET /api/v2/proxy/account-abstraction/status?
2025-09-11T01:18:44.104 application=api_v2 request_id=GGQVnkWe0FOAZOYAAAPD [info] Sent 200 in 5ms on GET /api/v2/main-page/indexing-status?
2025-09-11T01:18:44.105 application=api_v2 request_id=GGQVnkYI-Bvu9ZAAAAPj [info] Sent 501 in 18µs on GET /api/v2/proxy/account-abstraction/status?
2025-09-11T01:18:49.125 application=api_v2 request_id=GGQVn3B0GKB0BT8AAAVj [info] Sent 200 in 12ms on GET /api/v2/main-page/indexing-status?
2025-09-11T01:18:49.128 application=api_v2 request_id=GGQVn3FsHpowZsMAAAWD [info] Sent 501 in 80µs on GET /api/v2/proxy/account-abstraction/status?
2025-09-11T01:18:54.150 application=api_v2 request_id=GGQVoJwf6INOVwwAAAeH [info] Sent 200 in 10ms on GET /api/v2/main-page/indexing-status?
2025-09-11T01:18:54.153 application=api_v2 request_id=GGQVoJzynPHvpJsAAAfo [info] Sent 501 in 58µs on GET /api/v2/proxy/account-abstraction/status?
2025-09-11T01:18:59.176 application=api_v2 request_id=GGQVocdnwB82PAoAAAko [info] Sent 200 in 15ms on GET /api/v2/main-page/indexing-status?
2025-09-11T01:18:59.179 application=api_v2 request_id=GGQVociIEGR5iLIAAAlI [info] Sent 501 in 63µs on GET /api/v2/proxy/account-abstraction/status?
2025-09-11T01:19:04.192 application=api_v2 request_id=GGQVovLawqyk78kAAAoI [info] Sent 200 in 7ms on GET /api/v2/main-page/indexing-status?
2025-09-11T01:19:04.195 application=api_v2 request_id=GGQVovN2E-f_jdkAAAoo [info] Sent 501 in 47µs on GET /api/v2/proxy/account-abstraction/status?
2025-09-11T01:19:09.210 application=api_v2 request_id=GGQVpB3doYtJcaEAAAsI [info] Sent 200 in 9ms on GET /api/v2/main-page/indexing-status?
2025-09-11T01:19:09.213 application=api_v2 request_id=GGQVpB6UUPX-9XgAAAso [info] Sent 501 in 52µs on GET /api/v2/proxy/account-abstraction/status?
2025-09-11T01:19:14.226 application=api_v2 request_id=GGQVpUjsgX6oi5UAAAyI [info] Sent 200 in 7ms on GET /api/v2/main-page/indexing-status?
2025-09-11T01:19:14.229 application=api_v2 request_id=GGQVpUmS3JIu6NwAAAyo [info] Sent 501 in 61µs on GET /api/v2/proxy/account-abstraction/status?
2025-09-11T01:19:19.242 application=api_v2 request_id=GGQVpnPkC89Y2NAAAA3I [info] Sent 200 in 7ms on GET /api/v2/main-page/indexing-status?
2025-09-11T01:19:19.245 application=api_v2 request_id=GGQVpnSEo01gRjQAAA3o [info] Sent 501 in 56µs on GET /api/v2/proxy/account-abstraction/status?
2025-09-11T01:19:24.249 application=api_v2 request_id=GGQVp566uYcq8NwAAA5I [info] Sent 200 in 2ms on GET /api/v2/main-page/indexing-status?
2025-09-11T01:19:24.251 application=api_v2 request_id=GGQVp57vhc4rNRkAAA5o [info] Sent 501 in 17µs on GET /api/v2/proxy/account-abstraction/status?
2025-09-11T01:19:29.272 application=api_v2 request_id=GGQVqMlEmcoV6IcAAA6o [info] Sent 200 in 15ms on GET /api/v2/main-page/indexing-status?
2025-09-11T01:19:29.275 application=api_v2 request_id=GGQVqMpho60NM7QAAA7I [info] Sent 501 in 48µs on GET /api/v2/proxy/account-abstraction/status?
2025-09-11T01:19:34.288 application=api_v2 request_id=GGQVqfSYpjyteycAADGh [info] Sent 200 in 10ms on GET /api/v2/main-page/indexing-status?
2025-09-11T01:19:34.292 application=api_v2 request_id=GGQVqfVzBrE0ZYMAADHB [info] Sent 501 in 72µs on GET /api/v2/proxy/account-abstraction/status?
2025-09-11T01:19:39.306 application=api_v2 request_id=GGQVqx_otdiQtrcAAA3k [info] Sent 200 in 6ms on GET /api/v2/main-page/indexing-status?
2025-09-11T01:19:39.309 application=api_v2 request_id=GGQVqyB2uvGeFnQAAA6j [info] Sent 501 in 54µs on GET /api/v2/proxy/account-abstraction/status?
2025-09-11T01:19:44.321 application=api_v2 request_id=GGQVrErUFWu6KHMAAA9D [info] Sent 200 in 6ms on GET /api/v2/main-page/indexing-status?
2025-09-11T01:19:44.324 application=api_v2 request_id=GGQVrEthXQ--b1MAAA5k [info] Sent 501 in 48µs on GET /api/v2/proxy/account-abstraction/status?
2025-09-11T01:19:49.340 application=api_v2 request_id=GGQVrXW-N3HHCF0AABBj [info] Sent 200 in 10ms on GET /api/v2/main-page/indexing-status?
2025-09-11T01:19:49.346 application=api_v2 request_id=GGQVrXa0SrmOWEIAAAjm [info] Sent 501 in 70µs on GET /api/v2/proxy/account-abstraction/status?
2025-09-11T01:19:54.366 application=api_v2 request_id=GGQVrqFFTAM03aIAAAoG [info] Sent 200 in 11ms on GET /api/v2/main-page/indexing-status?
2025-09-11T01:19:54.371 application=api_v2 request_id=GGQVrqI_y0qQUbcAAAom [info] Sent 501 in 92µs on GET /api/v2/proxy/account-abstraction/status?
2025-09-11T01:19:59.385 application=api_v2 request_id=GGQVr8yVbgSdr7IAAB8C [info] Sent 200 in 9ms on GET /api/v2/main-page/indexing-status?
2025-09-11T01:19:59.387 application=api_v2 request_id=GGQVr81E5MwTc_sAAAtm [info] Sent 501 in 50µs on GET /api/v2/proxy/account-abstraction/status?
2025-09-11T01:20:04.400 application=api_v2 request_id=GGQVsPe1PWqr9UEAACBi [info] Sent 200 in 5ms on GET /api/v2/main-page/indexing-status?
2025-09-11T01:20:04.403 application=api_v2 request_id=GGQVsPg-oKPaQY0AACCC [info] Sent 501 in 67µs on GET /api/v2/proxy/account-abstraction/status?
2025-09-11T01:20:09.422 application=api_v2 request_id=GGQVsiKr2Z2V_G8AACHi [info] Sent 200 in 11ms on GET /api/v2/main-page/indexing-status?
2025-09-11T01:20:09.424 application=api_v2 request_id=GGQVsiOFG50RyuQAADvB [info] Sent 501 in 51µs on GET /api/v2/proxy/account-abstraction/status?
2025-09-11T01:20:14.433 application=api_v2 request_id=GGQVs03OlTjHvRUAADyh [info] Sent 200 in 4ms on GET /api/v2/main-page/indexing-status?
2025-09-11T01:20:14.434 application=api_v2 request_id=GGQVs04mHO8txaQAACMi [info] Sent 501 in 34µs on GET /api/v2/proxy/account-abstraction/status?
2025-09-11T01:20:19.448 application=api_v2 request_id=GGQVtHh8mznGnZQAACRC [info] Sent 200 in 8ms on GET /api/v2/main-page/indexing-status?
2025-09-11T01:20:19.451 application=api_v2 request_id=GGQVtHksT7FgFO0AABZj [info] Sent 501 in 61µs on GET /api/v2/proxy/account-abstraction/status?
2025-09-11T01:20:24.483 application=api_v2 request_id=GGQVtaOE_eBKXMgAABbj [info] Sent 200 in 6ms on GET /api/v2/main-page/indexing-status?
2025-09-11T01:20:24.486 application=api_v2 request_id=GGQVtaQU5tzht7sAABcD [info] Sent 501 in 44µs on GET /api/v2/proxy/account-abstraction/status?
2025-09-11T01:20:29.504 application=api_v2 request_id=GGQVts562QrTKrIAACai [info] Sent 200 in 12ms on GET /api/v2/main-page/indexing-status?
2025-09-11T01:20:29.511 application=api_v2 request_id=GGQVts-cfAOKYe8AABgj [info] Sent 501 in 99µs on GET /api/v2/proxy/account-abstraction/status?
2025-09-11T01:20:34.532 application=api_v2 request_id=GGQVt_t9RTgTuC4AACdC [info] Sent 200 in 8ms on GET /api/v2/main-page/indexing-status?
2025-09-11T01:20:34.535 application=api_v2 request_id=GGQVt_wos_DcDG8AAA-H [info] Sent 501 in 52µs on GET /api/v2/proxy/account-abstraction/status?
2025-09-11T01:20:39.557 application=api_v2 request_id=GGQVuSbEranAl-0AAChC [info] Sent 200 in 12ms on GET /api/v2/main-page/indexing-status?
2025-09-11T01:20:39.560 application=api_v2 request_id=GGQVuSemho78uEMAAChi [info] Sent 501 in 53µs on GET /api/v2/proxy/account-abstraction/status?
2025-09-11T01:20:44.572 application=api_v2 request_id=GGQVulIe5BK0KNMAABrD [info] Sent 200 in 5ms on GET /api/v2/main-page/indexing-status?
2025-09-11T01:20:44.575 application=api_v2 request_id=GGQVulKX_Ds9uPQAABrj [info] Sent 501 in 57µs on GET /api/v2/proxy/account-abstraction/status?
2025-09-11T01:20:49.588 application=api_v2 request_id=GGQVu3zwRIeCcj4AABxj [info] Sent 200 in 7ms on GET /api/v2/main-page/indexing-status?
2025-09-11T01:20:49.591 application=api_v2 request_id=GGQVu32RCcHcgR8AACnC [info] Sent 501 in 56µs on GET /api/v2/proxy/account-abstraction/status?
2025-09-11T01:20:54.609 application=api_v2 request_id=GGQVvKgAOAccOt8AAEWh [info] Sent 200 in 6ms on GET /api/v2/main-page/indexing-status?
2025-09-11T01:20:54.613 application=api_v2 request_id=GGQVvKiTklx24gEAACri [info] Sent 501 in 61µs on GET /api/v2/proxy/account-abstraction/status?
2025-09-11T01:20:59.627 application=api_v2 request_id=GGQVvdL78vAWV48AAB7D [info] Sent 200 in 7ms on GET /api/v2/main-page/indexing-status?
2025-09-11T01:20:59.630 application=api_v2 request_id=GGQVvdOlwfdQvYgAAB7j [info] Sent 501 in 63µs on GET /api/v2/proxy/account-abstraction/status?
2025-09-11T01:21:04.642 application=api_v2 request_id=GGQVvv4RdpiRRJIAACBD [info] Sent 200 in 4ms on GET /api/v2/main-page/indexing-status?
2025-09-11T01:21:04.644 application=api_v2 request_id=GGQVvv6Edl_sTpIAACBj [info] Sent 501 in 52µs on GET /api/v2/proxy/account-abstraction/status?
2025-09-11T01:21:09.664 application=api_v2 request_id=GGQVwCkkKjOJCiQAACFj [info] Sent 200 in 9ms on GET /api/v2/main-page/indexing-status?
2025-09-11T01:21:09.667 application=api_v2 request_id=GGQVwCniFyF5XosAACGD [info] Sent 501 in 52µs on GET /api/v2/proxy/account-abstraction/status?
2025-09-11T01:21:14.677 application=api_v2 request_id=GGQVwVQ-vJ2bFtQAACMj [info] Sent 200 in 4ms on GET /api/v2/main-page/indexing-status?
2025-09-11T01:21:14.680 application=api_v2 request_id=GGQVwVSwo8v2vuEAAEuB [info] Sent 501 in 53µs on GET /api/v2/proxy/account-abstraction/status?
2025-09-11T01:21:19.695 application=api_v2 request_id=GGQVwn8imIXQbSwAABLI [info] Sent 200 in 8ms on GET /api/v2/main-page/indexing-status?
2025-09-11T01:21:19.699 application=api_v2 request_id=GGQVwn_O_K7Hhq8AADnl [info] Sent 501 in 58µs on GET /api/v2/proxy/account-abstraction/status?
2025-09-11T01:21:24.707 application=api_v2 request_id=GGQVw6oTcPcbbAwAACVD [info] Sent 200 in 3ms on GET /api/v2/main-page/indexing-status?
2025-09-11T01:21:24.708 application=api_v2 request_id=GGQVw6pb3QHqh2kAACVj [info] Sent 501 in 20µs on GET /api/v2/proxy/account-abstraction/status?
2025-09-11T01:21:29.717 application=api_v2 request_id=GGQVxNSTiNWzHqwAACZj [info] Sent 200 in 5ms on GET /api/v2/main-page/indexing-status?
2025-09-11T01:21:29.719 application=api_v2 request_id=GGQVxNUM-TYzpMwAABRo [info] Sent 501 in 45µs on GET /api/v2/proxy/account-abstraction/status?
2025-09-11T01:21:34.728 application=api_v2 request_id=GGQVxf9TfQGTYukAACdD [info] Sent 200 in 4ms on GET /api/v2/main-page/indexing-status?
2025-09-11T01:21:34.730 application=api_v2 request_id=GGQVxf-39YzCoKwAACdj [info] Sent 501 in 36µs on GET /api/v2/proxy/account-abstraction/status?
2025-09-11T01:21:39.747 application=api_v2 request_id=GGQVxypRel3xNTsAACjD [info] Sent 200 in 6ms on GET /api/v2/main-page/indexing-status?
2025-09-11T01:21:39.750 application=api_v2 request_id=GGQVxyrxtT4T3r4AACjj [info] Sent 501 in 107µs on GET /api/v2/proxy/account-abstraction/status?
2025-09-11T01:21:44.762 application=api_v2 request_id=GGQVyFU_5Y4xRakAADVi [info] Sent 200 in 6ms on GET /api/v2/main-page/indexing-status?
2025-09-11T01:21:44.764 application=api_v2 request_id=GGQVyFXF9TiVkGgAACoj [info] Sent 501 in 42µs on GET /api/v2/proxy/account-abstraction/status?
2025-09-11T01:21:49.780 application=api_v2 request_id=GGQVyYBIFRrLff0AACsj [info] Sent 200 in 7ms on GET /api/v2/main-page/indexing-status?
2025-09-11T01:21:49.784 application=api_v2 request_id=GGQVyYD8V0PmeIMAACtD [info] Sent 501 in 87µs on GET /api/v2/proxy/account-abstraction/status?
2025-09-11T01:21:54.799 application=api_v2 request_id=GGQVyqt7_TIsRYEAACwD [info] Sent 200 in 6ms on GET /api/v2/main-page/indexing-status?
2025-09-11T01:21:54.803 application=api_v2 request_id=GGQVyqwcKUMCcacAABco [info] Sent 501 in 92µs on GET /api/v2/proxy/account-abstraction/status?
2025-09-11T01:21:59.812 application=api_v2 request_id=GGQVy9Z6MeSZOTYAACzD [info] Sent 200 in 3ms on GET /api/v2/main-page/indexing-status?
2025-09-11T01:21:59.814 application=api_v2 request_id=GGQVy9bVErTPQWIAADmC [info] Sent 501 in 33µs on GET /api/v2/proxy/account-abstraction/status?
2025-09-11T01:22:04.830 application=api_v2 request_id=GGQVzQFAZlOw3_MAAFdh [info] Sent 200 in 8ms on GET /api/v2/main-page/indexing-status?
2025-09-11T01:22:04.834 application=api_v2 request_id=GGQVzQICDvy1CIwAAFeB [info] Sent 501 in 83µs on GET /api/v2/proxy/account-abstraction/status?
2025-09-11T01:22:09.846 application=api_v2 request_id=GGQVzixuJHRsMxUAAC-D [info] Sent 200 in 6ms on GET /api/v2/main-page/indexing-status?
2025-09-11T01:22:09.849 application=api_v2 request_id=GGQVzizzSuEf_bEAAC-j [info] Sent 501 in 34µs on GET /api/v2/proxy/account-abstraction/status?
2025-09-11T01:22:14.868 application=api_v2 request_id=GGQVz1eiEw_wjQ4AADCD [info] Sent 200 in 7ms on GET /api/v2/main-page/indexing-status?
2025-09-11T01:22:14.872 application=api_v2 request_id=GGQVz1hb3Bh7HNkAADxi [info] Sent 501 in 97µs on GET /api/v2/proxy/account-abstraction/status?
2025-09-11T01:22:19.884 application=api_v2 request_id=GGQV0IKt-kTvX7IAADGj [info] Sent 200 in 6ms on GET /api/v2/main-page/indexing-status?
2025-09-11T01:22:19.887 application=api_v2 request_id=GGQV0IM-TgXZQWgAADHD [info] Sent 501 in 56µs on GET /api/v2/proxy/account-abstraction/status?
2025-09-11T01:22:24.904 application=api_v2 request_id=GGQV0a3MCuKKSjkAADNj [info] Sent 200 in 8ms on GET /api/v2/main-page/indexing-status?
2025-09-11T01:22:24.907 application=api_v2 request_id=GGQV0a6Ak1sr_cEAADOD [info] Sent 501 in 54µs on GET /api/v2/proxy/account-abstraction/status?
2025-09-11T01:22:29.922 application=api_v2 request_id=GGQV0tjswMAr0OwAAD_C [info] Sent 200 in 7ms on GET /api/v2/main-page/indexing-status?
2025-09-11T01:22:29.926 application=api_v2 request_id=GGQV0tmaTaBnqj4AAD_i [info] Sent 501 in 76µs on GET /api/v2/proxy/account-abstraction/status?
2025-09-11T01:22:34.941 application=api_v2 request_id=GGQV1AQekqohHxIAAEGC [info] Sent 200 in 7ms on GET /api/v2/main-page/indexing-status?
2025-09-11T01:22:34.944 application=api_v2 request_id=GGQV1AS63G7d68kAAEGi [info] Sent 501 in 54µs on GET /api/v2/proxy/account-abstraction/status?
2025-09-11T01:22:39.958 application=api_v2 request_id=GGQV1S8fDREAwPwAAEKi [info] Sent 200 in 7ms on GET /api/v2/main-page/indexing-status?
2025-09-11T01:22:39.961 application=api_v2 request_id=GGQV1S_AjAGKXh8AAELC [info] Sent 501 in 63µs on GET /api/v2/proxy/account-abstraction/status?
2025-09-11T01:22:44.972 application=api_v2 request_id=GGQV1loOjUejVsYAAF-B [info] Sent 200 in 6ms on GET /api/v2/main-page/indexing-status?
2025-09-11T01:22:44.974 application=api_v2 request_id=GGQV1lqSyqKVSS4AAERi [info] Sent 501 in 40µs on GET /api/v2/proxy/account-abstraction/status?
2025-09-11T01:22:49.986 application=api_v2 request_id=GGQV14Tpqhfxd-0AAF_B [info] Sent 200 in 6ms on GET /api/v2/main-page/indexing-status?
2025-09-11T01:22:49.988 application=api_v2 request_id=GGQV14VzwSo5GwQAAF_h [info] Sent 501 in 37µs on GET /api/v2/proxy/account-abstraction/status?
2025-09-11T01:22:55.010 application=api_v2 request_id=GGQV2LADnkzVhhoAAGCh [info] Sent 200 in 11ms on GET /api/v2/main-page/indexing-status?
2025-09-11T01:22:55.014 application=api_v2 request_id=GGQV2LD6VKpO9NsAAEyF [info] Sent 501 in 93µs on GET /api/v2/proxy/account-abstraction/status?
2025-09-11T01:23:00.027 application=api_v2 request_id=GGQV2dtupEGCedkAAE1l [info] Sent 200 in 5ms on GET /api/v2/main-page/indexing-status?
2025-09-11T01:23:00.030 application=api_v2 request_id=GGQV2dvvs6RBdbEAAEYC [info] Sent 501 in 57µs on GET /api/v2/proxy/account-abstraction/status?
2025-09-11T01:23:05.044 application=api_v2 request_id=GGQV2wZkKc7DphgAACAn [info] Sent 200 in 6ms on GET /api/v2/main-page/indexing-status?
2025-09-11T01:23:05.047 application=api_v2 request_id=GGQV2wb-aHYKqwkAAGLB [info] Sent 501 in 57µs on GET /api/v2/proxy/account-abstraction/status?
2025-09-11T01:23:10.060 application=api_v2 request_id=GGQV3DFjSdsjrfwAAGRB [info] Sent 200 in 6ms on GET /api/v2/main-page/indexing-status?
2025-09-11T01:23:10.063 application=api_v2 request_id=GGQV3DHyoiXbKnUAAGRh [info] Sent 501 in 54µs on GET /api/v2/proxy/account-abstraction/status?
2025-09-11T01:23:15.079 application=api_v2 request_id=GGQV3Vx9-ovecSUAAD7D [info] Sent 200 in 7ms on GET /api/v2/main-page/indexing-status?
2025-09-11T01:23:15.083 application=api_v2 request_id=GGQV3V0xyKjTvtUAAGZB [info] Sent 501 in 60µs on GET /api/v2/proxy/account-abstraction/status?
2025-09-11T01:23:20.097 application=api_v2 request_id=GGQV3oegHNXXPskAADBE [info] Sent 200 in 6ms on GET /api/v2/main-page/indexing-status?
2025-09-11T01:23:20.100 application=api_v2 request_id=GGQV3og4gLdnChYAACLH [info] Sent 501 in 41µs on GET /api/v2/proxy/account-abstraction/status?
2025-09-11T01:23:25.110 application=api_v2 request_id=GGQV37KJW80tDaMAAFEl [info] Sent 200 in 4ms on GET /api/v2/main-page/indexing-status?
2025-09-11T01:23:25.112 application=api_v2 request_id=GGQV37LwCHgm6IMAAFFF [info] Sent 501 in 33µs on GET /api/v2/proxy/account-abstraction/status?
2025-09-11T01:23:30.121 application=api_v2 request_id=GGQV4N0-hmsB5WsAAGqB [info] Sent 200 in 5ms on GET /api/v2/main-page/indexing-status?
2025-09-11T01:23:30.124 application=api_v2 request_id=GGQV4N25g8W-nqEAAGqh [info] Sent 501 in 52µs on GET /api/v2/proxy/account-abstraction/status?
2025-09-11T01:23:35.138 application=api_v2 request_id=GGQV4ggRgDlyX44AAGvh [info] Sent 200 in 7ms on GET /api/v2/main-page/indexing-status?
2025-09-11T01:23:35.141 application=api_v2 request_id=GGQV4gi3YRFQ_cAAAGwB [info] Sent 501 in 56µs on GET /api/v2/proxy/account-abstraction/status?
2025-09-11T01:23:40.150 application=api_v2 request_id=GGQV4zMGQIKzpvsAAFWF [info] Sent 200 in 4ms on GET /api/v2/main-page/indexing-status?
2025-09-11T01:23:40.152 application=api_v2 request_id=GGQV4zNqX4icQMAAAFWl [info] Sent 501 in 45µs on GET /api/v2/proxy/account-abstraction/status?
2025-09-11T01:23:45.164 application=api_v2 request_id=GGQV5F3XrAmkRXQAAG8h [info] Sent 200 in 5ms on GET /api/v2/main-page/indexing-status?
2025-09-11T01:23:45.167 application=api_v2 request_id=GGQV5F5Z3aC0jmoAAE2i [info] Sent 501 in 68µs on GET /api/v2/proxy/account-abstraction/status?
2025-09-11T01:23:50.180 application=api_v2 request_id=GGQV5Yi_NlMAgkAAAFdF [info] Sent 200 in 6ms on GET /api/v2/main-page/indexing-status?
2025-09-11T01:23:50.183 application=api_v2 request_id=GGQV5YlOpt3dtlAAAHAh [info] Sent 501 in 67µs on GET /api/v2/proxy/account-abstraction/status?
2025-09-11T01:23:55.195 application=api_v2 request_id=GGQV5rOv0Wlw_WgAAHDh [info] Sent 200 in 6ms on GET /api/v2/main-page/indexing-status?
2025-09-11T01:23:55.199 application=api_v2 request_id=GGQV5rROlkU336oAAHEB [info] Sent 501 in 82µs on GET /api/v2/proxy/account-abstraction/status?
2025-09-11T01:24:00.214 application=api_v2 request_id=GGQV597LLFk2FbwAAHMh [info] Sent 200 in 6ms on GET /api/v2/main-page/indexing-status?
2025-09-11T01:24:00.222 application=api_v2 request_id=GGQV59-zn9brecIAAHNB [info] Sent 501 in 82µs on GET /api/v2/proxy/account-abstraction/status?
2025-09-11T01:24:05.233 application=api_v2 request_id=GGQV6QoNJIoN01AAAHRB [info] Sent 200 in 4ms on GET /api/v2/main-page/indexing-status?
2025-09-11T01:24:05.235 application=api_v2 request_id=GGQV6QqEYE1oPJAAAHRh [info] Sent 501 in 50µs on GET /api/v2/proxy/account-abstraction/status?
2025-09-11T01:24:10.250 application=api_v2 request_id=GGQV6jUZlhg47dQAAHYB [info] Sent 200 in 4ms on GET /api/v2/main-page/indexing-status?
2025-09-11T01:24:10.253 application=api_v2 request_id=GGQV6jWOXPNeD_sAAHYh [info] Sent 501 in 58µs on GET /api/v2/proxy/account-abstraction/status?
2025-09-11T01:24:15.265 application=api_v2 request_id=GGQV62ABSGtXNmgAAHeh [info] Sent 200 in 5ms on GET /api/v2/main-page/indexing-status?
2025-09-11T01:24:15.269 application=api_v2 request_id=GGQV62CN5SqzOJMAAF5l [info] Sent 501 in 75µs on GET /api/v2/proxy/account-abstraction/status?
2025-09-11T01:24:20.284 application=api_v2 request_id=GGQV7IsWPNnzKjYAAEfD [info] Sent 200 in 6ms on GET /api/v2/main-page/indexing-status?
2025-09-11T01:24:20.288 application=api_v2 request_id=GGQV7IuvZ8m2iP0AAHhB [info] Sent 501 in 98µs on GET /api/v2/proxy/account-abstraction/status?
2025-09-11T01:24:25.307 application=api_v2 request_id=GGQV7bZZqhWLppgAAHjB [info] Sent 200 in 8ms on GET /api/v2/main-page/indexing-status?
2025-09-11T01:24:25.310 application=api_v2 request_id=GGQV7bcHORL0ZLcAAFci [info] Sent 501 in 61µs on GET /api/v2/proxy/account-abstraction/status?
2025-09-11T01:24:30.323 application=api_v2 request_id=GGQV7uFirGi3f3kAAHmh [info] Sent 200 in 7ms on GET /api/v2/main-page/indexing-status?
2025-09-11T01:24:30.326 application=api_v2 request_id=GGQV7uIKEMjoGBUAAC4H [info] Sent 501 in 65µs on GET /api/v2/proxy/account-abstraction/status?
2025-09-11T01:24:35.341 application=api_v2 request_id=GGQV8AxzsLLXoowAAFmi [info] Sent 200 in 7ms on GET /api/v2/main-page/indexing-status?
2025-09-11T01:24:35.344 application=api_v2 request_id=GGQV8A0fbge_FewAAFnC [info] Sent 501 in 66µs on GET /api/v2/proxy/account-abstraction/status?
2025-09-11T01:24:40.359 application=api_v2 request_id=GGQV8Te2--rTHncAAFqi [info] Sent 200 in 5ms on GET /api/v2/main-page/indexing-status?
2025-09-11T01:24:40.362 application=api_v2 request_id=GGQV8Tg59gaG4QsAAFrC [info] Sent 501 in 58µs on GET /api/v2/proxy/account-abstraction/status?
2025-09-11T01:24:45.381 application=api_v2 request_id=GGQV8mLV-LMfzFkAAFti [info] Sent 200 in 8ms on GET /api/v2/main-page/indexing-status?
2025-09-11T01:24:45.385 application=api_v2 request_id=GGQV8mOXRt70vmYAAFuC [info] Sent 501 in 106µs on GET /api/v2/proxy/account-abstraction/status?
2025-09-11T01:24:50.401 application=api_v2 request_id=GGQV8440txoBv34AAFxC [info] Sent 200 in 5ms on GET /api/v2/main-page/indexing-status?
2025-09-11T01:24:50.404 application=api_v2 request_id=GGQV847AtATLulkAAFxi [info] Sent 501 in 105µs on GET /api/v2/proxy/account-abstraction/status?
2025-09-11T01:24:55.421 application=api_v2 request_id=GGQV9LlS8y3wYkEAAF0i [info] Sent 200 in 7ms on GET /api/v2/main-page/indexing-status?
2025-09-11T01:24:55.424 application=api_v2 request_id=GGQV9Ln-GXjvQb8AAF1C [info] Sent 501 in 78µs on GET /api/v2/proxy/account-abstraction/status?
2025-09-11T01:25:00.442 application=api_v2 request_id=GGQV9eRwEUkGbOsAABCp [info] Sent 200 in 10ms on GET /api/v2/main-page/indexing-status?
2025-09-11T01:25:00.444 application=api_v2 request_id=GGQV9eU26WsstRwAADJn [info] Sent 501 in 48µs on GET /api/v2/proxy/account-abstraction/status?
2025-09-11T01:25:05.455 application=api_v2 request_id=GGQV9w9_Z2aWmj4AAF7i [info] Sent 200 in 5ms on GET /api/v2/main-page/indexing-status?
2025-09-11T01:25:05.456 application=api_v2 request_id=GGQV9w_1NxHwmQQAAEzD [info] Sent 501 in 46µs on GET /api/v2/proxy/account-abstraction/status?
2025-09-11T01:25:10.463 application=api_v2 request_id=GGQV-Do2zAG50iIAAD9m [info] Sent 200 in 3ms on GET /api/v2/main-page/indexing-status?
2025-09-11T01:25:10.465 application=api_v2 request_id=GGQV-Dp6rMvCX8cAAF9C [info] Sent 501 in 23µs on GET /api/v2/proxy/account-abstraction/status?
2025-09-11T01:25:15.472 application=api_v2 request_id=GGQV-WS11YaMGMUAACAI [info] Sent 200 in 4ms on GET /api/v2/main-page/indexing-status?
2025-09-11T01:25:15.473 application=api_v2 request_id=GGQV-WUIQM8-XzQAACAo [info] Sent 501 in 21µs on GET /api/v2/proxy/account-abstraction/status?
2025-09-11T01:25:20.480 application=api_v2 request_id=GGQV-o9FxoVDrxAAAGDC [info] Sent 200 in 3ms on GET /api/v2/main-page/indexing-status?
2025-09-11T01:25:20.482 application=api_v2 request_id=GGQV-o-Rqe3vkRoAAAxK [info] Sent 501 in 32µs on GET /api/v2/proxy/account-abstraction/status?
2025-09-11T01:25:25.498 application=api_v2 request_id=GGQV-7oTjmdufZIAAAyq [info] Sent 200 in 7ms on GET /api/v2/main-page/indexing-status?
2025-09-11T01:25:25.502 application=api_v2 request_id=GGQV-7q777XA3_QAAAzK [info] Sent 501 in 67µs on GET /api/v2/proxy/account-abstraction/status?
2025-09-11T01:25:30.516 application=api_v2 request_id=GGQV_OUTU1SrBScAAA0q [info] Sent 200 in 8ms on GET /api/v2/main-page/indexing-status?
2025-09-11T01:25:30.520 application=api_v2 request_id=GGQV_OXb_E4O6XEAACMo [info] Sent 501 in 91µs on GET /api/v2/proxy/account-abstraction/status?
2025-09-11T01:25:35.533 application=api_v2 request_id=GGQV_hBJlnJiCIsAAGSC [info] Sent 200 in 5ms on GET /api/v2/main-page/indexing-status?
2025-09-11T01:25:35.537 application=api_v2 request_id=GGQV_hDZqpBSWzwAAA2K [info] Sent 501 in 69µs on GET /api/v2/proxy/account-abstraction/status?
2025-09-11T01:25:40.549 application=api_v2 request_id=GGQV_zs4f8chYHgAAA3K [info] Sent 200 in 6ms on GET /api/v2/main-page/indexing-status?
2025-09-11T01:25:40.551 application=api_v2 request_id=GGQV_zu7h2a7NrUAAA3q [info] Sent 501 in 37µs on GET /api/v2/proxy/account-abstraction/status?
2025-09-11T01:25:45.564 application=api_v2 request_id=GGQWAGYyhTCfDFUAAGWi [info] Sent 200 in 5ms on GET /api/v2/main-page/indexing-status?
2025-09-11T01:25:45.566 application=api_v2 request_id=GGQWAGauFYMuZFkAAIaB [info] Sent 501 in 51µs on GET /api/v2/proxy/account-abstraction/status?
2025-09-11T01:25:50.577 application=api_v2 request_id=GGQWAZEEo-pfs64AAGbC [info] Sent 200 in 4ms on GET /api/v2/main-page/indexing-status?
2025-09-11T01:25:50.579 application=api_v2 request_id=GGQWAZF3JL3GXIEAADfH [info] Sent 501 in 67µs on GET /api/v2/proxy/account-abstraction/status?
2025-09-11T01:25:55.592 application=api_v2 request_id=GGQWArv4FWb1m3IAAIcB [info] Sent 200 in 5ms on GET /api/v2/main-page/indexing-status?
2025-09-11T01:25:55.595 application=api_v2 request_id=GGQWArxzVXzqdbgAAGdC [info] Sent 501 in 52µs on GET /api/v2/proxy/account-abstraction/status?
2025-09-11T01:26:00.609 application=api_v2 request_id=GGQWA-b4zQC5St8AAIeh [info] Sent 200 in 5ms on GET /api/v2/main-page/indexing-status?
2025-09-11T01:26:00.611 application=api_v2 request_id=GGQWA-dw5PobxvwAAIfB [info] Sent 501 in 51µs on GET /api/v2/proxy/account-abstraction/status?
2025-09-11T01:26:05.624 application=api_v2 request_id=GGQWBRHSwhMW-3oAAIfh [info] Sent 200 in 6ms on GET /api/v2/main-page/indexing-status?
2025-09-11T01:26:05.627 application=api_v2 request_id=GGQWBRJg549zmt8AAGli [info] Sent 501 in 79µs on GET /api/v2/proxy/account-abstraction/status?
2025-09-11T01:26:10.644 application=api_v2 request_id=GGQWBj0WLDhJZZcAAGpC [info] Sent 200 in 5ms on GET /api/v2/main-page/indexing-status?
2025-09-11T01:26:10.648 application=api_v2 request_id=GGQWBj2lG7EUt4QAADzH [info] Sent 501 in 62µs on GET /api/v2/proxy/account-abstraction/status?
2025-09-11T01:26:15.662 application=api_v2 request_id=GGQWB2gO4qqNVc0AAGsi [info] Sent 200 in 7ms on GET /api/v2/main-page/indexing-status?
2025-09-11T01:26:15.666 application=api_v2 request_id=GGQWB2jHByGTix4AAEQE [info] Sent 501 in 92µs on GET /api/v2/proxy/account-abstraction/status?
2025-09-11T01:26:20.685 application=api_v2 request_id=GGQWCJNvp0wX0hgAAGxC [info] Sent 200 in 7ms on GET /api/v2/main-page/indexing-status?
2025-09-11T01:26:20.688 application=api_v2 request_id=GGQWCJQYswPEVO4AAGtF [info] Sent 501 in 76µs on GET /api/v2/proxy/account-abstraction/status?
2025-09-11T01:26:25.699 application=api_v2 request_id=GGQWCb6DaT5oEnkAAG1C [info] Sent 200 in 4ms on GET /api/v2/main-page/indexing-status?
2025-09-11T01:26:25.704 application=api_v2 request_id=GGQWCb8PCD62CbIAAG1i [info] Sent 501 in 416µs on GET /api/v2/proxy/account-abstraction/status?
2025-09-11T01:26:30.717 application=api_v2 request_id=GGQWCumOVH8RHhQAAIuB [info] Sent 200 in 4ms on GET /api/v2/main-page/indexing-status?
2025-09-11T01:26:30.720 application=api_v2 request_id=GGQWCuoJVW7BkaMAAIuh [info] Sent 501 in 50µs on GET /api/v2/proxy/account-abstraction/status?
2025-09-11T01:26:35.731 application=api_v2 request_id=GGQWDBRtn3WubxoAAIxh [info] Sent 200 in 4ms on GET /api/v2/main-page/indexing-status?
2025-09-11T01:26:35.734 application=api_v2 request_id=GGQWDBTmrDr6pUEAAIyB [info] Sent 501 in 55µs on GET /api/v2/proxy/account-abstraction/status?
2025-09-11T01:26:40.746 application=api_v2 request_id=GGQWDT9DqZrlHvUAAA_K [info] Sent 200 in 6ms on GET /api/v2/main-page/indexing-status?
2025-09-11T01:26:40.750 application=api_v2 request_id=GGQWDT_bRz3IQUUAAI2h [info] Sent 501 in 69µs on GET /api/v2/proxy/account-abstraction/status?
2025-09-11T01:26:45.761 application=api_v2 request_id=GGQWDmpCrISTwtwAAI5h [info] Sent 200 in 4ms on GET /api/v2/main-page/indexing-status?
2025-09-11T01:26:45.764 application=api_v2 request_id=GGQWDmq7HQmWDc8AAI6B [info] Sent 501 in 51µs on GET /api/v2/proxy/account-abstraction/status?
2025-09-11T01:26:50.774 application=api_v2 request_id=GGQWD5UTa645ylwAAHLi [info] Sent 200 in 4ms on GET /api/v2/main-page/indexing-status?
2025-09-11T01:26:50.777 application=api_v2 request_id=GGQWD5WOi2DIRJ8AAEgG [info] Sent 501 in 53µs on GET /api/v2/proxy/account-abstraction/status?
2025-09-11T01:26:55.790 application=api_v2 request_id=GGQWEMAF4JD7uu8AAI-h [info] Sent 200 in 5ms on GET /api/v2/main-page/indexing-status?
2025-09-11T01:26:55.793 application=api_v2 request_id=GGQWEMCDGljf9EAAAI_B [info] Sent 501 in 53µs on GET /api/v2/proxy/account-abstraction/status?
2025-09-11T01:27:00.807 application=api_v2 request_id=GGQWEesQzhiFcp0AAJFh [info] Sent 200 in 4ms on GET /api/v2/main-page/indexing-status?
2025-09-11T01:27:00.811 application=api_v2 request_id=GGQWEeuWmGy6GEcAAJGB [info] Sent 501 in 78µs on GET /api/v2/proxy/account-abstraction/status?
2025-09-11T01:27:05.825 application=api_v2 request_id=GGQWExYFL_ty57gAAJIh [info] Sent 200 in 7ms on GET /api/v2/main-page/indexing-status?
2025-09-11T01:27:05.829 application=api_v2 request_id=GGQWExa0P5OpKYIAADZI [info] Sent 501 in 62µs on GET /api/v2/proxy/account-abstraction/status?
2025-09-11T01:27:10.840 application=api_v2 request_id=GGQWFEEeo8fOm6EAAHZC [info] Sent 200 in 4ms on GET /api/v2/main-page/indexing-status?
2025-09-11T01:27:10.844 application=api_v2 request_id=GGQWFEGfD-orAYQAAJJh [info] Sent 501 in 94µs on GET /api/v2/proxy/account-abstraction/status?
2025-09-11T01:27:15.861 application=api_v2 request_id=GGQWFWxSiRqrfXIAAJLh [info] Sent 200 in 5ms on GET /api/v2/main-page/indexing-status?
2025-09-11T01:27:15.864 application=api_v2 request_id=GGQWFWzOPtxH6GUAAHfC [info] Sent 501 in 57µs on GET /api/v2/proxy/account-abstraction/status?
2025-09-11T01:27:20.876 application=api_v2 request_id=GGQWFpc56TzTjCkAAJRh [info] Sent 200 in 5ms on GET /api/v2/main-page/indexing-status?
2025-09-11T01:27:20.879 application=api_v2 request_id=GGQWFpfB-zj0u_QAAHji [info] Sent 501 in 70µs on GET /api/v2/proxy/account-abstraction/status?
2025-09-11T01:27:25.890 application=api_v2 request_id=GGQWF8IwMKLK6wYAACap [info] Sent 200 in 4ms on GET /api/v2/main-page/indexing-status?
2025-09-11T01:27:25.892 application=api_v2 request_id=GGQWF8KMuhYcenMAAJVh [info] Sent 501 in 40µs on GET /api/v2/proxy/account-abstraction/status?
2025-09-11T01:27:30.903 application=api_v2 request_id=GGQWGOz41O2uZ6IAAJaB [info] Sent 200 in 4ms on GET /api/v2/main-page/indexing-status?
2025-09-11T01:27:30.906 application=api_v2 request_id=GGQWGO1tEr1RihIAAJah [info] Sent 501 in 61µs on GET /api/v2/proxy/account-abstraction/status?
2025-09-11T01:27:35.917 application=api_v2 request_id=GGQWGhfQ8nzxL6kAAJdB [info] Sent 200 in 4ms on GET /api/v2/main-page/indexing-status?
2025-09-11T01:27:35.921 application=api_v2 request_id=GGQWGhhLbnE9brAAAJdh [info] Sent 501 in 56µs on GET /api/v2/proxy/account-abstraction/status?
2025-09-11T01:27:40.932 application=api_v2 request_id=GGQWG0LBTPW5CxAAAJhh [info] Sent 200 in 4ms on GET /api/v2/main-page/indexing-status?
2025-09-11T01:27:40.935 application=api_v2 request_id=GGQWG0Mya8hC34UAAHyi [info] Sent 501 in 56µs on GET /api/v2/proxy/account-abstraction/status?
2025-09-11T01:27:45.949 application=api_v2 request_id=GGQWHG22saL_SpgAAJkh [info] Sent 200 in 5ms on GET /api/v2/main-page/indexing-status?
2025-09-11T01:27:45.952 application=api_v2 request_id=GGQWHG45ImDU-pUAAJlB [info] Sent 501 in 54µs on GET /api/v2/proxy/account-abstraction/status?
2025-09-11T01:27:50.965 application=api_v2 request_id=GGQWHZieh0eeBLwAACrp [info] Sent 200 in 6ms on GET /api/v2/main-page/indexing-status?
2025-09-11T01:27:50.968 application=api_v2 request_id=GGQWHZk0gSlP_FcAAJpB [info] Sent 501 in 94µs on GET /api/v2/proxy/account-abstraction/status?
2025-09-11T01:27:55.981 application=api_v2 request_id=GGQWHsOzFVQe5SwAAHfl [info] Sent 200 in 4ms on GET /api/v2/main-page/indexing-status?
2025-09-11T01:27:55.984 application=api_v2 request_id=GGQWHsQop6MQRZ8AACvp [info] Sent 501 in 53µs on GET /api/v2/proxy/account-abstraction/status?
2025-09-11T01:28:00.998 application=api_v2 request_id=GGQWH-6yIGGba7YAAE-G [info] Sent 200 in 4ms on GET /api/v2/main-page/indexing-status?
2025-09-11T01:28:01.001 application=api_v2 request_id=GGQWH-8sFBtp53kAAJzh [info] Sent 501 in 50µs on GET /api/v2/proxy/account-abstraction/status?
2025-09-11T01:28:06.015 application=api_v2 request_id=GGQWIRnQAKozRScAAJ1h [info] Sent 200 in 4ms on GET /api/v2/main-page/indexing-status?
2025-09-11T01:28:06.019 application=api_v2 request_id=GGQWIRpD3h_QLKEAAE2E [info] Sent 501 in 52µs on GET /api/v2/proxy/account-abstraction/status?
2025-09-11T01:28:11.029 application=api_v2 request_id=GGQWIkSmBpN1r4sAAE5k [info] Sent 200 in 4ms on GET /api/v2/main-page/indexing-status?
2025-09-11T01:28:11.032 application=api_v2 request_id=GGQWIkUYGBMYT0kAAJ4h [info] Sent 501 in 62µs on GET /api/v2/proxy/account-abstraction/status?
2025-09-11T01:28:16.044 application=api_v2 request_id=GGQWI2-CJTPFQr0AAJ_B [info] Sent 200 in 5ms on GET /api/v2/main-page/indexing-status?
2025-09-11T01:28:16.047 application=api_v2 request_id=GGQWI3AD7vLi-skAAC5J [info] Sent 501 in 69µs on GET /api/v2/proxy/account-abstraction/status?
2025-09-11T01:28:21.058 application=api_v2 request_id=GGQWJJpd3r8eNPYAAC7J [info] Sent 200 in 4ms on GET /api/v2/main-page/indexing-status?
2025-09-11T01:28:21.060 application=api_v2 request_id=GGQWJJrVRffz-3EAAC7p [info] Sent 501 in 49µs on GET /api/v2/proxy/account-abstraction/status?
2025-09-11T01:28:26.070 application=api_v2 request_id=GGQWJcUdETzP-mIAAKEB [info] Sent 200 in 4ms on GET /api/v2/main-page/indexing-status?
2025-09-11T01:28:26.072 application=api_v2 request_id=GGQWJcWRPKd5LO4AAKEh [info] Sent 501 in 47µs on GET /api/v2/proxy/account-abstraction/status?
2025-09-11T01:28:31.088 application=api_v2 request_id=GGQWJu_u_0yIJMcAAGVj [info] Sent 200 in 9ms on GET /api/v2/main-page/indexing-status?
2025-09-11T01:28:31.093 application=api_v2 request_id=GGQWJvDNSWIFu3wAAKKB [info] Sent 501 in 87µs on GET /api/v2/proxy/account-abstraction/status?
2025-09-11T01:28:36.107 application=api_v2 request_id=GGQWKBtEGCKo5fIAAKNh [info] Sent 200 in 6ms on GET /api/v2/main-page/indexing-status?
2025-09-11T01:28:36.110 application=api_v2 request_id=GGQWKBvZeDRzenAAAKOB [info] Sent 501 in 51µs on GET /api/v2/proxy/account-abstraction/status?
2025-09-11T01:28:41.122 application=api_v2 request_id=GGQWKUY4YzvZr4cAAKUB [info] Sent 200 in 6ms on GET /api/v2/main-page/indexing-status?
2025-09-11T01:28:41.126 application=api_v2 request_id=GGQWKUbTRUzCx-EAAKUh [info] Sent 501 in 61µs on GET /api/v2/proxy/account-abstraction/status?
2025-09-11T01:28:46.140 application=api_v2 request_id=GGQWKnFEbMhPc9gAAKWB [info] Sent 200 in 7ms on GET /api/v2/main-page/indexing-status?
2025-09-11T01:28:46.144 application=api_v2 request_id=GGQWKnHscKrUzTkAAKWh [info] Sent 501 in 92µs on GET /api/v2/proxy/account-abstraction/status?
2025-09-11T01:28:51.160 application=api_v2 request_id=GGQWK5ySaCvhnbAAAKZh [info] Sent 200 in 5ms on GET /api/v2/main-page/indexing-status?
2025-09-11T01:28:51.164 application=api_v2 request_id=GGQWK50mGwqB-MoAAFKn [info] Sent 501 in 69µs on GET /api/v2/proxy/account-abstraction/status?
2025-09-11T01:28:56.176 application=api_v2 request_id=GGQWLMeCDx2WeyEAAKbh [info] Sent 200 in 6ms on GET /api/v2/main-page/indexing-status?
2025-09-11T01:28:56.179 application=api_v2 request_id=GGQWLMgOaupmEmEAAEdo [info] Sent 501 in 47µs on GET /api/v2/proxy/account-abstraction/status?
2025-09-11T01:29:01.194 application=api_v2 request_id=GGQWLfKizHfcBx4AAKch [info] Sent 200 in 5ms on GET /api/v2/main-page/indexing-status?
2025-09-11T01:29:01.197 application=api_v2 request_id=GGQWLfMkqHIqIFMAAKdB [info] Sent 501 in 45µs on GET /api/v2/proxy/account-abstraction/status?
2025-09-11T01:29:06.209 application=api_v2 request_id=GGQWLx2W9trv6tsAAKeh [info] Sent 200 in 4ms on GET /api/v2/main-page/indexing-status?
2025-09-11T01:29:06.213 application=api_v2 request_id=GGQWLx4ZXnoenlYAAFnG [info] Sent 501 in 63µs on GET /api/v2/proxy/account-abstraction/status?
2025-09-11T01:29:11.225 application=api_v2 request_id=GGQWMEiHrhmSq6oAAKgB [info] Sent 200 in 5ms on GET /api/v2/main-page/indexing-status?
2025-09-11T01:29:11.229 application=api_v2 request_id=GGQWMEkZRb7A3IwAAKgh [info] Sent 501 in 66µs on GET /api/v2/proxy/account-abstraction/status?
2025-09-11T01:29:16.241 application=api_v2 request_id=GGQWMXOI0KH62CMAAKih [info] Sent 200 in 5ms on GET /api/v2/main-page/indexing-status?
2025-09-11T01:29:16.244 application=api_v2 request_id=GGQWMXQI-BbooMcAAKjB [info] Sent 501 in 62µs on GET /api/v2/proxy/account-abstraction/status?
2025-09-11T01:29:21.252 application=api_v2 request_id=GGQWMp5Q1wyELloAAKkB [info] Sent 200 in 3ms on GET /api/v2/main-page/indexing-status?
2025-09-11T01:29:21.254 application=api_v2 request_id=GGQWMp6tHr-Z1SwAAFxG [info] Sent 501 in 53µs on GET /api/v2/proxy/account-abstraction/status?
2025-09-11T01:29:26.263 application=api_v2 request_id=GGQWM8kFLUPpv1sAAF3G [info] Sent 200 in 4ms on GET /api/v2/main-page/indexing-status?
2025-09-11T01:29:26.266 application=api_v2 request_id=GGQWM8l_gs52h8gAAKoB [info] Sent 501 in 55µs on GET /api/v2/proxy/account-abstraction/status?
2025-09-11T01:29:31.276 application=api_v2 request_id=GGQWNPPdbC9CQUoAAKtB [info] Sent 200 in 4ms on GET /api/v2/main-page/indexing-status?
2025-09-11T01:29:31.279 application=api_v2 request_id=GGQWNPRKzP_77lYAAFfn [info] Sent 501 in 52µs on GET /api/v2/proxy/account-abstraction/status?
2025-09-11T01:29:36.296 application=api_v2 request_id=GGQWNh8G8MUWcFUAAKvh [info] Sent 200 in 4ms on GET /api/v2/main-page/indexing-status?
2025-09-11T01:29:36.299 application=api_v2 request_id=GGQWNh-EUpdp7u0AAKwB [info] Sent 501 in 78µs on GET /api/v2/proxy/account-abstraction/status?
2025-09-11T01:29:41.312 application=api_v2 request_id=GGQWN0nyKHfs2-sAAK1h [info] Sent 200 in 6ms on GET /api/v2/main-page/indexing-status?
2025-09-11T01:29:41.315 application=api_v2 request_id=GGQWN0qCQcr1o0QAAK2B [info] Sent 501 in 61µs on GET /api/v2/proxy/account-abstraction/status?
2025-09-11T01:29:46.327 application=api_v2 request_id=GGQWOHTrrpgx56QAAK6h [info] Sent 200 in 4ms on GET /api/v2/main-page/indexing-status?
2025-09-11T01:29:46.329 application=api_v2 request_id=GGQWOHVe2f42gtQAAIql [info] Sent 501 in 45µs on GET /api/v2/proxy/account-abstraction/status?
2025-09-11T01:29:51.341 application=api_v2 request_id=GGQWOZ_PfNTf9SkAALAB [info] Sent 200 in 4ms on GET /api/v2/main-page/indexing-status?
2025-09-11T01:29:51.344 application=api_v2 request_id=GGQWOaBC46KKAq8AAIuC [info] Sent 501 in 55µs on GET /api/v2/proxy/account-abstraction/status?
2025-09-11T01:29:56.359 application=api_v2 request_id=GGQWOsqvQDve1Y0AALHB [info] Sent 200 in 7ms on GET /api/v2/main-page/indexing-status?
2025-09-11T01:29:56.362 application=api_v2 request_id=GGQWOstMCcMD5WwAAIvi [info] Sent 501 in 62µs on GET /api/v2/proxy/account-abstraction/status?
2025-09-11T01:30:01.378 application=api_v2 request_id=GGQWO_X1xZ8Jv2QAAIyC [info] Sent 200 in 4ms on GET /api/v2/main-page/indexing-status?
2025-09-11T01:30:01.381 application=api_v2 request_id=GGQWO_Zz2yGoIQgAAIyi [info] Sent 501 in 62µs on GET /api/v2/proxy/account-abstraction/status?
2025-09-11T01:30:06.395 application=api_v2 request_id=GGQWPSDwkMhbNZwAALOh [info] Sent 200 in 6ms on GET /api/v2/main-page/indexing-status?
2025-09-11T01:30:06.398 application=api_v2 request_id=GGQWPSF7IcQ8Q2IAAE-I [info] Sent 501 in 49µs on GET /api/v2/proxy/account-abstraction/status?
2025-09-11T01:30:11.414 application=api_v2 request_id=GGQWPkwJ36Hi2mkAALQh [info] Sent 200 in 6ms on GET /api/v2/main-page/indexing-status?
2025-09-11T01:30:11.418 application=api_v2 request_id=GGQWPkyrBTYep6UAAI3C [info] Sent 501 in 82µs on GET /api/v2/proxy/account-abstraction/status?
2025-09-11T01:30:16.431 application=api_v2 request_id=GGQWP3ctLGyN96kAALWh [info] Sent 200 in 5ms on GET /api/v2/main-page/indexing-status?
2025-09-11T01:30:16.434 application=api_v2 request_id=GGQWP3eqdyFEXNwAAI5i [info] Sent 501 in 60µs on GET /api/v2/proxy/account-abstraction/status?
2025-09-11T01:30:21.445 application=api_v2 request_id=GGQWQKH4KSSTHH0AALaB [info] Sent 200 in 6ms on GET /api/v2/main-page/indexing-status?
2025-09-11T01:30:21.448 application=api_v2 request_id=GGQWQKKDuk4jZXIAAI7C [info] Sent 501 in 60µs on GET /api/v2/proxy/account-abstraction/status?
2025-09-11T01:30:26.461 application=api_v2 request_id=GGQWQcz9ZSaZWRcAAI7i [info] Sent 200 in 4ms on GET /api/v2/main-page/indexing-status?
2025-09-11T01:30:26.464 application=api_v2 request_id=GGQWQc1yA6RfYZ8AAI8C [info] Sent 501 in 53µs on GET /api/v2/proxy/account-abstraction/status?
2025-09-11T01:30:31.476 application=api_v2 request_id=GGQWQvfQz0LCnHsAAGhm [info] Sent 200 in 6ms on GET /api/v2/main-page/indexing-status?
2025-09-11T01:30:31.481 application=api_v2 request_id=GGQWQvhzDCI1YYYAAEaJ [info] Sent 501 in 73µs on GET /api/v2/proxy/account-abstraction/status?
2025-09-11T01:30:36.496 application=api_v2 request_id=GGQWRCLzkwGJ244AAJBi [info] Sent 200 in 7ms on GET /api/v2/main-page/indexing-status?
2025-09-11T01:30:36.499 application=api_v2 request_id=GGQWRCOVw1lHDIoAAJCC [info] Sent 501 in 80µs on GET /api/v2/proxy/account-abstraction/status?
2025-09-11T01:30:41.512 application=api_v2 request_id=GGQWRU3xJCAxzogAAJEi [info] Sent 200 in 7ms on GET /api/v2/main-page/indexing-status?
2025-09-11T01:30:41.515 application=api_v2 request_id=GGQWRU6WtWHbuJUAAJFC [info] Sent 501 in 68µs on GET /api/v2/proxy/account-abstraction/status?
2025-09-11T01:30:46.536 application=api_v2 request_id=GGQWRnlV6NgfHTwAAJIC [info] Sent 200 in 8ms on GET /api/v2/main-page/indexing-status?
2025-09-11T01:30:46.540 application=api_v2 request_id=GGQWRnoO-kmeyYUAAJIi [info] Sent 501 in 79µs on GET /api/v2/proxy/account-abstraction/status?
2025-09-11T01:30:51.552 application=api_v2 request_id=GGQWR6RmK0lUmBsAAJJi [info] Sent 200 in 6ms on GET /api/v2/main-page/indexing-status?
2025-09-11T01:30:51.556 application=api_v2 request_id=GGQWR6UIX7NjBPQAAJKC [info] Sent 501 in 71µs on GET /api/v2/proxy/account-abstraction/status?
2025-09-11T01:30:56.569 application=api_v2 request_id=GGQWSM-NjNUvLqMAAJMi [info] Sent 200 in 5ms on GET /api/v2/main-page/indexing-status?
2025-09-11T01:30:56.573 application=api_v2 request_id=GGQWSNAPanAS_kwAAJNC [info] Sent 501 in 56µs on GET /api/v2/proxy/account-abstraction/status?
2025-09-11T01:31:01.587 application=api_v2 request_id=GGQWSfqfA4s0WPMAAJRi [info] Sent 200 in 5ms on GET /api/v2/main-page/indexing-status?
2025-09-11T01:31:01.589 application=api_v2 request_id=GGQWSfsRDY34u5MAAJSC [info] Sent 501 in 33µs on GET /api/v2/proxy/account-abstraction/status?
2025-09-11T01:31:06.602 application=api_v2 request_id=GGQWSyWDn6ul9bgAAL9B [info] Sent 200 in 5ms on GET /api/v2/main-page/indexing-status?
2025-09-11T01:31:06.606 application=api_v2 request_id=GGQWSyYZq_DaXYwAAL9h [info] Sent 501 in 86µs on GET /api/v2/proxy/account-abstraction/status?
2025-09-11T01:31:11.617 application=api_v2 request_id=GGQWTFCB46qFC8oAAMCB [info] Sent 200 in 4ms on GET /api/v2/main-page/indexing-status?
2025-09-11T01:31:11.620 application=api_v2 request_id=GGQWTFDwoUbjgmIAAMCh [info] Sent 501 in 55µs on GET /api/v2/proxy/account-abstraction/status?
2025-09-11T01:31:16.631 application=api_v2 request_id=GGQWTXtP7FTxgjEAAMFh [info] Sent 200 in 5ms on GET /api/v2/main-page/indexing-status?
2025-09-11T01:31:16.633 application=api_v2 request_id=GGQWTXvIo9A2ekUAAMGB [info] Sent 501 in 49µs on GET /api/v2/proxy/account-abstraction/status?
2025-09-11T01:31:21.644 application=api_v2 request_id=GGQWTqYiYsnj1igAAMJB [info] Sent 200 in 4ms on GET /api/v2/main-page/indexing-status?
2025-09-11T01:31:21.647 application=api_v2 request_id=GGQWTqafAuslB8QAAMJh [info] Sent 501 in 52µs on GET /api/v2/proxy/account-abstraction/status?
2025-09-11T01:31:26.662 application=api_v2 request_id=GGQWT9Em2BCI4doAAMLB [info] Sent 200 in 6ms on GET /api/v2/main-page/indexing-status?
2025-09-11T01:31:26.665 application=api_v2 request_id=GGQWT9Gw_nDBIfYAAMLh [info] Sent 501 in 61µs on GET /api/v2/proxy/account-abstraction/status?
2025-09-11T01:31:31.678 application=api_v2 request_id=GGQWUPwuvWTReJcAAGfE [info] Sent 200 in 4ms on GET /api/v2/main-page/indexing-status?
2025-09-11T01:31:31.681 application=api_v2 request_id=GGQWUPyqmmDzs5cAAMRh [info] Sent 501 in 69µs on GET /api/v2/proxy/account-abstraction/status?
2025-09-11T01:31:36.692 application=api_v2 request_id=GGQWUicAZCrYU9IAAMWB [info] Sent 200 in 5ms on GET /api/v2/main-page/indexing-status?
2025-09-11T01:31:36.696 application=api_v2 request_id=GGQWUieSp4YUC-8AAMWh [info] Sent 501 in 68µs on GET /api/v2/proxy/account-abstraction/status?
2025-09-11T01:31:41.712 application=api_v2 request_id=GGQWU1I4pQ2vp_IAAMbB [info] Sent 200 in 5ms on GET /api/v2/main-page/indexing-status?
2025-09-11T01:31:41.714 application=api_v2 request_id=GGQWU1K25yf1cbsAAMbh [info] Sent 501 in 54µs on GET /api/v2/proxy/account-abstraction/status?
2025-09-11T01:31:46.726 application=api_v2 request_id=GGQWVH0V0oHuo_sAAMeh [info] Sent 200 in 5ms on GET /api/v2/main-page/indexing-status?
2025-09-11T01:31:46.729 application=api_v2 request_id=GGQWVH2afY_ZLREAAMfB [info] Sent 501 in 57µs on GET /api/v2/proxy/account-abstraction/status?
2025-09-11T01:31:51.740 application=api_v2 request_id=GGQWVaf9dDsOiRQAAMkB [info] Sent 200 in 4ms on GET /api/v2/main-page/indexing-status?
2025-09-11T01:31:51.743 application=api_v2 request_id=GGQWVah3Uk87ploAAMkh [info] Sent 501 in 50µs on GET /api/v2/proxy/account-abstraction/status?
2025-09-11T01:31:56.758 application=api_v2 request_id=GGQWVtMMe-QiADUAAMoh [info] Sent 200 in 5ms on GET /api/v2/main-page/indexing-status?
2025-09-11T01:31:56.760 application=api_v2 request_id=GGQWVtOHy0bdkCoAAGII [info] Sent 501 in 56µs on GET /api/v2/proxy/account-abstraction/status?
2025-09-11T01:32:01.770 application=api_v2 request_id=GGQWV_3beVkaH4QAAE5p [info] Sent 200 in 4ms on GET /api/v2/main-page/indexing-status?
2025-09-11T01:32:01.772 application=api_v2 request_id=GGQWV_49gbTH2AEAAE6J [info] Sent 501 in 37µs on GET /api/v2/proxy/account-abstraction/status?
2025-09-11T01:32:06.788 application=api_v2 request_id=GGQWWSjXfX_Ikg4AAMrh [info] Sent 200 in 6ms on GET /api/v2/main-page/indexing-status?
2025-09-11T01:32:06.792 application=api_v2 request_id=GGQWWSluteY-rs4AAJyC [info] Sent 501 in 73µs on GET /api/v2/proxy/account-abstraction/status?
2025-09-11T01:32:11.803 application=api_v2 request_id=GGQWWlPQQuvrX4YAAMwh [info] Sent 200 in 5ms on GET /api/v2/main-page/indexing-status?
2025-09-11T01:32:11.807 application=api_v2 request_id=GGQWWlRaKk56KRkAAMxB [info] Sent 501 in 106µs on GET /api/v2/proxy/account-abstraction/status?
2025-09-11T01:32:16.820 application=api_v2 request_id=GGQWW37cbvmZW0MAAM0h [info] Sent 200 in 5ms on GET /api/v2/main-page/indexing-status?
2025-09-11T01:32:16.824 application=api_v2 request_id=GGQWW39jsxFtpawAAJtl [info] Sent 501 in 57µs on GET /api/v2/proxy/account-abstraction/status?
2025-09-11T01:32:21.835 application=api_v2 request_id=GGQWXKnN-P6Wz-UAAM7B [info] Sent 200 in 5ms on GET /api/v2/main-page/indexing-status?
2025-09-11T01:32:21.838 application=api_v2 request_id=GGQWXKpIW4-2MisAAM7h [info] Sent 501 in 56µs on GET /api/v2/proxy/account-abstraction/status?
2025-09-11T01:32:26.848 application=api_v2 request_id=GGQWXdShSBTq4lQAAG_k [info] Sent 200 in 3ms on GET /api/v2/main-page/indexing-status?
2025-09-11T01:32:26.850 application=api_v2 request_id=GGQWXdUF7LoDBmoAANCB [info] Sent 501 in 45µs on GET /api/v2/proxy/account-abstraction/status?
2025-09-11T01:32:31.862 application=api_v2 request_id=GGQWXv9n1gj4SFEAANHh [info] Sent 200 in 5ms on GET /api/v2/main-page/indexing-status?
2025-09-11T01:32:31.864 application=api_v2 request_id=GGQWXv_ktNSlzGQAANIB [info] Sent 501 in 53µs on GET /api/v2/proxy/account-abstraction/status?
2025-09-11T01:32:36.878 application=api_v2 request_id=GGQWYCpivN1zzwsAANKh [info] Sent 200 in 5ms on GET /api/v2/main-page/indexing-status?
2025-09-11T01:32:36.881 application=api_v2 request_id=GGQWYCrpcBmpnvIAANLB [info] Sent 501 in 61µs on GET /api/v2/proxy/account-abstraction/status?
2025-09-11T01:32:41.891 application=api_v2 request_id=GGQWYVUzNbf2rPUAANNB [info] Sent 200 in 4ms on GET /api/v2/main-page/indexing-status?
2025-09-11T01:32:41.894 application=api_v2 request_id=GGQWYVWvKFmP-ssAANNh [info] Sent 501 in 58µs on GET /api/v2/proxy/account-abstraction/status?
2025-09-11T01:32:46.903 application=api_v2 request_id=GGQWYn_62nr1n6MAANQB [info] Sent 200 in 4ms on GET /api/v2/main-page/indexing-status?
2025-09-11T01:32:46.906 application=api_v2 request_id=GGQWYoBrqq8rMasAANQh [info] Sent 501 in 57µs on GET /api/v2/proxy/account-abstraction/status?
2025-09-11T01:32:51.918 application=api_v2 request_id=GGQWY6rkkJfWS3kAANRB [info] Sent 200 in 5ms on GET /api/v2/main-page/indexing-status?
2025-09-11T01:32:51.921 application=api_v2 request_id=GGQWY6tbji4_avIAAHNE [info] Sent 501 in 51µs on GET /api/v2/proxy/account-abstraction/status?
2025-09-11T01:32:56.931 application=api_v2 request_id=GGQWZNW_9f1jT-UAANTB [info] Sent 200 in 3ms on GET /api/v2/main-page/indexing-status?
2025-09-11T01:32:56.933 application=api_v2 request_id=GGQWZNYYlk6_oNQAANTh [info] Sent 501 in 54µs on GET /api/v2/proxy/account-abstraction/status?
2025-09-11T01:33:01.946 application=api_v2 request_id=GGQWZgCWPAgtmb4AAKai [info] Sent 200 in 4ms on GET /api/v2/main-page/indexing-status?
2025-09-11T01:33:01.949 application=api_v2 request_id=GGQWZgEShuGTgvUAANVh [info] Sent 501 in 63µs on GET /api/v2/proxy/account-abstraction/status?
2025-09-11T01:33:06.958 application=api_v2 request_id=GGQWZytieD9C1LUAANZB [info] Sent 200 in 3ms on GET /api/v2/main-page/indexing-status?
2025-09-11T01:33:06.960 application=api_v2 request_id=GGQWZyu6WsimKlMAANZh [info] Sent 501 in 73µs on GET /api/v2/proxy/account-abstraction/status?
2025-09-11T01:33:11.971 application=api_v2 request_id=GGQWaFYRWvSv26cAANdh [info] Sent 200 in 5ms on GET /api/v2/main-page/indexing-status?
2025-09-11T01:33:11.974 application=api_v2 request_id=GGQWaFaTL0jwaFIAAKei [info] Sent 501 in 57µs on GET /api/v2/proxy/account-abstraction/status?
2025-09-11T01:33:16.979 application=api_v2 request_id=GGQWaYDPhmwsUywAANhB [info] Sent 200 in 2ms on GET /api/v2/main-page/indexing-status?
2025-09-11T01:33:16.980 application=api_v2 request_id=GGQWaYEEYnzccgcAANhh [info] Sent 501 in 23µs on GET /api/v2/proxy/account-abstraction/status?
2025-09-11T01:33:21.990 application=api_v2 request_id=GGQWaqtRhj4-RiQAAIGG [info] Sent 200 in 4ms on GET /api/v2/main-page/indexing-status?
2025-09-11T01:33:21.993 application=api_v2 request_id=GGQWaqvCkQvwfGUAAIGm [info] Sent 501 in 57µs on GET /api/v2/proxy/account-abstraction/status?
2025-09-11T01:33:27.002 application=api_v2 request_id=GGQWa9YTtwLdD-4AANrB [info] Sent 200 in 4ms on GET /api/v2/main-page/indexing-status?
2025-09-11T01:33:27.004 application=api_v2 request_id=GGQWa9Z3ejt7WQsAAGzn [info] Sent 501 in 29µs on GET /api/v2/proxy/account-abstraction/status?
2025-09-11T01:33:32.016 application=api_v2 request_id=GGQWbQDlNuEOsHIAANvB [info] Sent 200 in 4ms on GET /api/v2/main-page/indexing-status?
2025-09-11T01:33:32.019 application=api_v2 request_id=GGQWbQFd4yIIR1kAANvh [info] Sent 501 in 53µs on GET /api/v2/proxy/account-abstraction/status?
2025-09-11T01:33:37.037 application=api_v2 request_id=GGQWbivL8iO-m1IAANyB [info] Sent 200 in 10ms on GET /api/v2/main-page/indexing-status?
2025-09-11T01:33:37.044 application=api_v2 request_id=GGQWbizZSpzHC1YAANyh [info] Sent 501 in 123µs on GET /api/v2/proxy/account-abstraction/status?
2025-09-11T01:33:42.056 application=api_v2 request_id=GGQWb1dHbu8ZivQAAN3B [info] Sent 200 in 5ms on GET /api/v2/main-page/indexing-status?
2025-09-11T01:33:42.060 application=api_v2 request_id=GGQWb1fZgXcZ1X0AAI1D [info] Sent 501 in 62µs on GET /api/v2/proxy/account-abstraction/status?
2025-09-11T01:33:47.072 application=api_v2 request_id=GGQWcIIwXVgDjXYAAIYm [info] Sent 200 in 6ms on GET /api/v2/main-page/indexing-status?
2025-09-11T01:33:47.075 application=api_v2 request_id=GGQWcILHQRzNjzwAAN7h [info] Sent 501 in 69µs on GET /api/v2/proxy/account-abstraction/status?
2025-09-11T01:33:52.085 application=api_v2 request_id=GGQWca0fdoekZIkAAKzC [info] Sent 200 in 4ms on GET /api/v2/main-page/indexing-status?
2025-09-11T01:33:52.088 application=api_v2 request_id=GGQWca2ba3ArPagAAKzi [info] Sent 501 in 57µs on GET /api/v2/proxy/account-abstraction/status?
2025-09-11T01:33:57.100 application=api_v2 request_id=GGQWctgBq0DCBhwAAK2i [info] Sent 200 in 5ms on GET /api/v2/main-page/indexing-status?
2025-09-11T01:33:57.104 application=api_v2 request_id=GGQWctiQHbnODa4AAK3C [info] Sent 501 in 70µs on GET /api/v2/proxy/account-abstraction/status?
2025-09-11T01:34:02.115 application=api_v2 request_id=GGQWdALtaGnLJSUAAK6C [info] Sent 200 in 5ms on GET /api/v2/main-page/indexing-status?
2025-09-11T01:34:02.119 application=api_v2 request_id=GGQWdAN0pAoboysAAK6i [info] Sent 501 in 64µs on GET /api/v2/proxy/account-abstraction/status?
2025-09-11T01:34:07.132 application=api_v2 request_id=GGQWdS32kaE1MaEAALAi [info] Sent 200 in 5ms on GET /api/v2/main-page/indexing-status?
2025-09-11T01:34:07.135 application=api_v2 request_id=GGQWdS5y6npWxEsAAIfm [info] Sent 501 in 55µs on GET /api/v2/proxy/account-abstraction/status?
2025-09-11T01:34:12.147 application=api_v2 request_id=GGQWdljfSImcu1YAALDi [info] Sent 200 in 4ms on GET /api/v2/main-page/indexing-status?
2025-09-11T01:34:12.150 application=api_v2 request_id=GGQWdllX_O1kfx0AALEC [info] Sent 501 in 62µs on GET /api/v2/proxy/account-abstraction/status?
2025-09-11T01:34:17.161 application=api_v2 request_id=GGQWd4PAlDG6kOgAALHi [info] Sent 200 in 5ms on GET /api/v2/main-page/indexing-status?
2025-09-11T01:34:17.164 application=api_v2 request_id=GGQWd4Q2H6o3kywAAIpG [info] Sent 501 in 51µs on GET /api/v2/proxy/account-abstraction/status?
2025-09-11T01:34:22.176 application=api_v2 request_id=GGQWeK6rWFQRVxkAAOUh [info] Sent 200 in 4ms on GET /api/v2/main-page/indexing-status?
2025-09-11T01:34:22.179 application=api_v2 request_id=GGQWeK8eTGN9QLwAAOVB [info] Sent 501 in 50µs on GET /api/v2/proxy/account-abstraction/status?
2025-09-11T01:34:27.189 application=api_v2 request_id=GGQWedl1955TnP4AAOZB [info] Sent 200 in 4ms on GET /api/v2/main-page/indexing-status?
2025-09-11T01:34:27.192 application=api_v2 request_id=GGQWedn1w8P_H88AAOaB [info] Sent 501 in 53µs on GET /api/v2/proxy/account-abstraction/status?
2025-09-11T01:34:32.203 application=api_v2 request_id=GGQWewRQSu6uopYAAOfh [info] Sent 200 in 5ms on GET /api/v2/main-page/indexing-status?
2025-09-11T01:34:32.206 application=api_v2 request_id=GGQWewTM812-RoIAAOgB [info] Sent 501 in 54µs on GET /api/v2/proxy/account-abstraction/status?
2025-09-11T01:34:37.216 application=api_v2 request_id=GGQWfC8wIoQ5vNAAAIBI [info] Sent 200 in 4ms on GET /api/v2/main-page/indexing-status?
2025-09-11T01:34:37.219 application=api_v2 request_id=GGQWfC-i0JayrKgAAIBo [info] Sent 501 in 51µs on GET /api/v2/proxy/account-abstraction/status?
2025-09-11T01:34:42.229 application=api_v2 request_id=GGQWfVn4MTvezgMAAOkh [info] Sent 200 in 4ms on GET /api/v2/main-page/indexing-status?
2025-09-11T01:34:42.232 application=api_v2 request_id=GGQWfVprI1dO8hoAAOlB [info] Sent 501 in 51µs on GET /api/v2/proxy/account-abstraction/status?
2025-09-11T01:34:47.243 application=api_v2 request_id=GGQWfoTFCjB1GmIAAOrh [info] Sent 200 in 5ms on GET /api/v2/main-page/indexing-status?
2025-09-11T01:34:47.245 application=api_v2 request_id=GGQWfoU5jQMu898AAJLj [info] Sent 501 in 45µs on GET /api/v2/proxy/account-abstraction/status?
2025-09-11T01:34:52.256 application=api_v2 request_id=GGQWf6-XYY5Lnd4AALki [info] Sent 200 in 5ms on GET /api/v2/main-page/indexing-status?
2025-09-11T01:34:52.259 application=api_v2 request_id=GGQWf7AUenWgM24AAISk [info] Sent 501 in 54µs on GET /api/v2/proxy/account-abstraction/status?
2025-09-11T01:34:57.271 application=api_v2 request_id=GGQWgNp7vwP5iJ0AAIXk [info] Sent 200 in 4ms on GET /api/v2/main-page/indexing-status?
2025-09-11T01:34:57.274 application=api_v2 request_id=GGQWgNryombm8WgAAIYE [info] Sent 501 in 52µs on GET /api/v2/proxy/account-abstraction/status?
2025-09-11T01:35:02.285 application=api_v2 request_id=GGQWggVWructOG4AAIcE [info] Sent 200 in 5ms on GET /api/v2/main-page/indexing-status?
2025-09-11T01:35:02.287 application=api_v2 request_id=GGQWggXIz191YuQAALti [info] Sent 501 in 51µs on GET /api/v2/proxy/account-abstraction/status?
2025-09-11T01:35:07.308 application=api_v2 request_id=GGQWgzBwak_hPlYAALvC [info] Sent 200 in 9ms on GET /api/v2/main-page/indexing-status?
2025-09-11T01:35:07.312 application=api_v2 request_id=GGQWgzFHBzrPrFgAAI5G [info] Sent 501 in 95µs on GET /api/v2/proxy/account-abstraction/status?
2025-09-11T01:35:12.325 application=api_v2 request_id=GGQWhFvKh6e3OJ0AALwi [info] Sent 200 in 4ms on GET /api/v2/main-page/indexing-status?
2025-09-11T01:35:12.328 application=api_v2 request_id=GGQWhFw8nd9fn4kAAPDB [info] Sent 501 in 54µs on GET /api/v2/proxy/account-abstraction/status?
2025-09-11T01:35:17.337 application=api_v2 request_id=GGQWhYaE3gDtkRsAAGTp [info] Sent 200 in 5ms on GET /api/v2/main-page/indexing-status?
2025-09-11T01:35:17.340 application=api_v2 request_id=GGQWhYcC_Ey8Y6YAAPKB [info] Sent 501 in 57µs on GET /api/v2/proxy/account-abstraction/status?
2025-09-11T01:35:22.352 application=api_v2 request_id=GGQWhrFXuOGdptgAAPUh [info] Sent 200 in 5ms on GET /api/v2/main-page/indexing-status?
2025-09-11T01:35:22.355 application=api_v2 request_id=GGQWhrHrpljrdDEAAJAG [info] Sent 501 in 108µs on GET /api/v2/proxy/account-abstraction/status?
2025-09-11T01:35:25.278 application=api_v2 request_id=GGQWh9xYg1vjl6IAAJFm [info] Sent 200 in 6ms on GET /api/v2/main-page/indexing-status?
2025-09-11T01:35:25.281 application=api_v2 request_id=GGQWh9zpLq03tFkAAL4C [info] Sent 501 in 59µs on GET /api/v2/proxy/account-abstraction/status?
2025-09-11T01:35:30.297 application=api_v2 request_id=GGQWiItveHrnU-AAALHl [info] Sent 200 in 5ms on GET /api/v2/main-page/indexing-status?
2025-09-11T01:35:30.301 application=api_v2 request_id=GGQWiIvy9-S8J08AALIF [info] Sent 501 in 114µs on GET /api/v2/proxy/account-abstraction/status?
2025-09-11T01:35:35.317 application=api_v2 request_id=GGQWibakQnyS3xEAAL9C [info] Sent 200 in 4ms on GET /api/v2/main-page/indexing-status?
2025-09-11T01:35:35.320 application=api_v2 request_id=GGQWibckAhldNe4AAPkh [info] Sent 501 in 94µs on GET /api/v2/proxy/account-abstraction/status?
2025-09-11T01:35:40.331 application=api_v2 request_id=GGQWiuGAPfPzBFwAAPrh [info] Sent 200 in 5ms on GET /api/v2/main-page/indexing-status?
2025-09-11T01:35:40.334 application=api_v2 request_id=GGQWiuH5eW5vMzEAAL-C [info] Sent 501 in 55µs on GET /api/v2/proxy/account-abstraction/status?
2025-09-11T01:35:45.346 application=api_v2 request_id=GGQWjAxsKQFlSNcAAPth [info] Sent 200 in 5ms on GET /api/v2/main-page/indexing-status?
2025-09-11T01:35:45.349 application=api_v2 request_id=GGQWjAzuSauAFPsAAPuB [info] Sent 501 in 61µs on GET /api/v2/proxy/account-abstraction/status?
2025-09-11T01:35:50.362 application=api_v2 request_id=GGQWjTdZUr-v6PMAAGfJ [info] Sent 200 in 5ms on GET /api/v2/main-page/indexing-status?
2025-09-11T01:35:50.365 application=api_v2 request_id=GGQWjTfpJ4xp5-AAAGfp [info] Sent 501 in 74µs on GET /api/v2/proxy/account-abstraction/status?
2025-09-11T01:35:55.377 application=api_v2 request_id=GGQWjmJB8mDs5YcAAP0B [info] Sent 200 in 5ms on GET /api/v2/main-page/indexing-status?
2025-09-11T01:35:55.381 application=api_v2 request_id=GGQWjmLWEP8S0aYAAJqD [info] Sent 501 in 192µs on GET /api/v2/proxy/account-abstraction/status?
2025-09-11T01:36:00.394 application=api_v2 request_id=GGQWj41OvxPevvoAAP3B [info] Sent 200 in 5ms on GET /api/v2/main-page/indexing-status?
2025-09-11T01:36:00.397 application=api_v2 request_id=GGQWj43M5lKQHTUAAP3h [info] Sent 501 in 56µs on GET /api/v2/proxy/account-abstraction/status?
2025-09-11T01:36:05.408 application=api_v2 request_id=GGQWkLg7LC1ETWgAAP7h [info] Sent 200 in 4ms on GET /api/v2/main-page/indexing-status?
2025-09-11T01:36:05.410 application=api_v2 request_id=GGQWkLilCMP1MsMAAMJC [info] Sent 501 in 50µs on GET /api/v2/proxy/account-abstraction/status?
2025-09-11T01:36:10.420 application=api_v2 request_id=GGQWkeLxxk9wMwUAAP_B [info] Sent 200 in 4ms on GET /api/v2/main-page/indexing-status?
2025-09-11T01:36:10.424 application=api_v2 request_id=GGQWkeNvvD36g9sAAP_h [info] Sent 501 in 77µs on GET /api/v2/proxy/account-abstraction/status?
2025-09-11T01:36:15.437 application=api_v2 request_id=GGQWkw35SiTSC8YAAQCB [info] Sent 200 in 5ms on GET /api/v2/main-page/indexing-status?
2025-09-11T01:36:15.440 application=api_v2 request_id=GGQWkw505GWYo3cAAQCh [info] Sent 501 in 54µs on GET /api/v2/proxy/account-abstraction/status?
2025-09-11T01:36:20.450 application=api_v2 request_id=GGQWlDjbXyKeHoUAAJTk [info] Sent 200 in 3ms on GET /api/v2/main-page/indexing-status?
2025-09-11T01:36:20.453 application=api_v2 request_id=GGQWlDk6p7YaQAQAAJUE [info] Sent 501 in 41µs on GET /api/v2/proxy/account-abstraction/status?
2025-09-11T01:36:25.464 application=api_v2 request_id=GGQWlWOlfyQjjs4AAJYE [info] Sent 200 in 4ms on GET /api/v2/main-page/indexing-status?
2025-09-11T01:36:25.467 application=api_v2 request_id=GGQWlWQZcJ8WpAsAAQJh [info] Sent 501 in 60µs on GET /api/v2/proxy/account-abstraction/status?
2025-09-11T01:36:30.479 application=api_v2 request_id=GGQWlo6M99qHNR4AAQLh [info] Sent 200 in 4ms on GET /api/v2/main-page/indexing-status?
2025-09-11T01:36:30.482 application=api_v2 request_id=GGQWlo8ByfFFckwAAQMB [info] Sent 501 in 55µs on GET /api/v2/proxy/account-abstraction/status?
2025-09-11T01:36:35.494 application=api_v2 request_id=GGQWl7ld1kQUR4QAAQRh [info] Sent 200 in 6ms on GET /api/v2/main-page/indexing-status?
2025-09-11T01:36:35.497 application=api_v2 request_id=GGQWl7nuyYc-DVsAAQSB [info] Sent 501 in 90µs on GET /api/v2/proxy/account-abstraction/status?
2025-09-11T01:36:40.506 application=api_v2 request_id=GGQWmOQ69mB7kCwAAL3F [info] Sent 200 in 4ms on GET /api/v2/main-page/indexing-status?
2025-09-11T01:36:40.509 application=api_v2 request_id=GGQWmOSwhw7KkpUAAQXB [info] Sent 501 in 50µs on GET /api/v2/proxy/account-abstraction/status?
2025-09-11T01:36:45.521 application=api_v2 request_id=GGQWmg8Ut4hmS7YAAQfB [info] Sent 200 in 5ms on GET /api/v2/main-page/indexing-status?
2025-09-11T01:36:45.523 application=api_v2 request_id=GGQWmg-NGMDRELgAAKJD [info] Sent 501 in 47µs on GET /api/v2/proxy/account-abstraction/status?
2025-09-11T01:36:50.533 application=api_v2 request_id=GGQWmznknozikQEAAQgB [info] Sent 200 in 4ms on GET /api/v2/main-page/indexing-status?
2025-09-11T01:36:50.535 application=api_v2 request_id=GGQWmzpQBVdmSEgAAQgh [info] Sent 501 in 52µs on GET /api/v2/proxy/account-abstraction/status?
2025-09-11T01:36:55.548 application=api_v2 request_id=GGQWnGSw6mNR1gAAAQih [info] Sent 200 in 6ms on GET /api/v2/main-page/indexing-status?
2025-09-11T01:36:55.553 application=api_v2 request_id=GGQWnGVYErSaUzAAAQjB [info] Sent 501 in 113µs on GET /api/v2/proxy/account-abstraction/status?
2025-09-11T01:37:00.567 application=api_v2 request_id=GGQWnY_q9Zur4PYAAJ4G [info] Sent 200 in 4ms on GET /api/v2/main-page/indexing-status?
2025-09-11T01:37:00.569 application=api_v2 request_id=GGQWnZBeHJygjzAAAJ4m [info] Sent 501 in 53µs on GET /api/v2/proxy/account-abstraction/status?
2025-09-11T01:37:05.580 application=api_v2 request_id=GGQWnrquB05f940AAQpB [info] Sent 200 in 5ms on GET /api/v2/main-page/indexing-status?
2025-09-11T01:37:05.583 application=api_v2 request_id=GGQWnrsv7wCGE_QAAQph [info] Sent 501 in 55µs on GET /api/v2/proxy/account-abstraction/status?
2025-09-11T01:37:10.593 application=api_v2 request_id=GGQWn-V7vurRg_4AAQth [info] Sent 200 in 4ms on GET /api/v2/main-page/indexing-status?
2025-09-11T01:37:10.595 application=api_v2 request_id=GGQWn-X1EF_WYUsAAQuB [info] Sent 501 in 39µs on GET /api/v2/proxy/account-abstraction/status?
2025-09-11T01:37:15.605 application=api_v2 request_id=GGQWoRA9oEE7dpIAAQzB [info] Sent 200 in 5ms on GET /api/v2/main-page/indexing-status?
2025-09-11T01:37:15.607 application=api_v2 request_id=GGQWoRC0kH9WbO8AAMCl [info] Sent 501 in 48µs on GET /api/v2/proxy/account-abstraction/status?
2025-09-11T01:37:20.617 application=api_v2 request_id=GGQWojsJpZ4CJkoAAMGl [info] Sent 200 in 3ms on GET /api/v2/main-page/indexing-status?
2025-09-11T01:37:20.619 application=api_v2 request_id=GGQWojttRtR9Qn4AAMHF [info] Sent 501 in 56µs on GET /api/v2/proxy/account-abstraction/status?
2025-09-11T01:37:25.634 application=api_v2 request_id=GGQWo2XnkNp9aFEAAMJF [info] Sent 200 in 7ms on GET /api/v2/main-page/indexing-status?
2025-09-11T01:37:25.637 application=api_v2 request_id=GGQWo2Z94xwQGc8AAKZj [info] Sent 501 in 68µs on GET /api/v2/proxy/account-abstraction/status?
2025-09-11T01:37:30.654 application=api_v2 request_id=GGQWpJEnc63FujsAARJh [info] Sent 200 in 5ms on GET /api/v2/main-page/indexing-status?
2025-09-11T01:37:30.657 application=api_v2 request_id=GGQWpJG5v1Y_xcoAAMMF [info] Sent 501 in 88µs on GET /api/v2/proxy/account-abstraction/status?
2025-09-11T01:37:35.669 application=api_v2 request_id=GGQWpbwZHxBF5WgAARQB [info] Sent 200 in 5ms on GET /api/v2/main-page/indexing-status?
2025-09-11T01:37:35.671 application=api_v2 request_id=GGQWpbyZpZJXOGMAAMOl [info] Sent 501 in 47µs on GET /api/v2/proxy/account-abstraction/status?
2025-09-11T01:37:40.683 application=api_v2 request_id=GGQWpub9WqywcHQAARRB [info] Sent 200 in 5ms on GET /api/v2/main-page/indexing-status?
2025-09-11T01:37:40.686 application=api_v2 request_id=GGQWpud7I1sxodYAARRh [info] Sent 501 in 53µs on GET /api/v2/proxy/account-abstraction/status?
2025-09-11T01:37:45.698 application=api_v2 request_id=GGQWqBHR7DAvTA4AARXh [info] Sent 200 in 6ms on GET /api/v2/main-page/indexing-status?
2025-09-11T01:37:45.702 application=api_v2 request_id=GGQWqBJxYC1hKD8AAMVF [info] Sent 501 in 72µs on GET /api/v2/proxy/account-abstraction/status?
2025-09-11T01:37:50.720 application=api_v2 request_id=GGQWqT0h3tM2OgQAAMbl [info] Sent 200 in 7ms on GET /api/v2/main-page/indexing-status?
2025-09-11T01:37:50.724 application=api_v2 request_id=GGQWqT3JnOIteXgAAMcF [info] Sent 501 in 78µs on GET /api/v2/proxy/account-abstraction/status?
2025-09-11T01:37:55.740 application=api_v2 request_id=GGQWqmh0f6oGZRAAAMgF [info] Sent 200 in 5ms on GET /api/v2/main-page/indexing-status?
2025-09-11T01:37:55.743 application=api_v2 request_id=GGQWqmkAgkbG1woAAMgl [info] Sent 501 in 46µs on GET /api/v2/proxy/account-abstraction/status?
2025-09-11T01:38:00.754 application=api_v2 request_id=GGQWq5Ntl8TvjuIAAMkl [info] Sent 200 in 3ms on GET /api/v2/main-page/indexing-status?
2025-09-11T01:38:00.756 application=api_v2 request_id=GGQWq5PBhukHwj4AAMlF [info] Sent 501 in 55µs on GET /api/v2/proxy/account-abstraction/status?
2025-09-11T01:38:05.768 application=api_v2 request_id=GGQWrL4ZkixQ6t8AAMol [info] Sent 200 in 6ms on GET /api/v2/main-page/indexing-status?
2025-09-11T01:38:05.771 application=api_v2 request_id=GGQWrL61GXBUJZsAAKWm [info] Sent 501 in 68µs on GET /api/v2/proxy/account-abstraction/status?
2025-09-11T01:38:10.789 application=api_v2 request_id=GGQWrek43ZJ3yhAAAKbG [info] Sent 200 in 8ms on GET /api/v2/main-page/indexing-status?
2025-09-11T01:38:10.793 application=api_v2 request_id=GGQWreoCcmO1uxoAAKbm [info] Sent 501 in 93µs on GET /api/v2/proxy/account-abstraction/status?
2025-09-11T01:38:15.806 application=api_v2 request_id=GGQWrxRiVaAHA0gAANbi [info] Sent 200 in 7ms on GET /api/v2/main-page/indexing-status?
2025-09-11T01:38:15.808 application=api_v2 request_id=GGQWrxT1BbXlNA0AAMuF [info] Sent 501 in 32µs on GET /api/v2/proxy/account-abstraction/status?
2025-09-11T01:38:20.825 application=api_v2 request_id=GGQWsD-HT53OvDwAAMwl [info] Sent 200 in 7ms on GET /api/v2/main-page/indexing-status?
2025-09-11T01:38:20.830 application=api_v2 request_id=GGQWsEBBI47hLUYAAMxF [info] Sent 501 in 99µs on GET /api/v2/proxy/account-abstraction/status?
2025-09-11T01:38:25.843 application=api_v2 request_id=GGQWsWqhcooOpuoAASJh [info] Sent 200 in 7ms on GET /api/v2/main-page/indexing-status?
2025-09-11T01:38:25.845 application=api_v2 request_id=GGQWsWs5vDcKESMAASKB [info] Sent 501 in 74µs on GET /api/v2/proxy/account-abstraction/status?
2025-09-11T01:38:30.854 application=api_v2 request_id=GGQWspWLF5AInQoAAM2F [info] Sent 200 in 4ms on GET /api/v2/main-page/indexing-status?
2025-09-11T01:38:30.856 application=api_v2 request_id=GGQWspXjsyhd7MkAALFj [info] Sent 501 in 42µs on GET /api/v2/proxy/account-abstraction/status?
2025-09-11T01:38:35.872 application=api_v2 request_id=GGQWs8Ay8k3xPrcAASYB [info] Sent 200 in 10ms on GET /api/v2/main-page/indexing-status?
2025-09-11T01:38:35.875 application=api_v2 request_id=GGQWs8EMjFtuCo4AASYh [info] Sent 501 in 67µs on GET /api/v2/proxy/account-abstraction/status?
2025-09-11T01:38:40.885 application=api_v2 request_id=GGQWtOtaavfIjFYAAM9F [info] Sent 200 in 5ms on GET /api/v2/main-page/indexing-status?
2025-09-11T01:38:40.888 application=api_v2 request_id=GGQWtOvbVG6AKh4AAM9l [info] Sent 501 in 60µs on GET /api/v2/proxy/account-abstraction/status?
2025-09-11T01:38:45.903 application=api_v2 request_id=GGQWthZPWP18xh8AANGl [info] Sent 200 in 7ms on GET /api/v2/main-page/indexing-status?
2025-09-11T01:38:45.906 application=api_v2 request_id=GGQWthbyuv-yUu8AANzi [info] Sent 501 in 57µs on GET /api/v2/proxy/account-abstraction/status?
2025-09-11T01:38:50.918 application=api_v2 request_id=GGQWt0FPXQ9hCfQAASjB [info] Sent 200 in 5ms on GET /api/v2/main-page/indexing-status?
2025-09-11T01:38:50.921 application=api_v2 request_id=GGQWt0HVeJo0RFsAAJUn [info] Sent 501 in 69µs on GET /api/v2/proxy/account-abstraction/status?
2025-09-11T01:38:55.928 application=api_v2 request_id=GGQWuGwRiPEFMf8AASqh [info] Sent 200 in 3ms on GET /api/v2/main-page/indexing-status?
2025-09-11T01:38:55.929 application=api_v2 request_id=GGQWuGxeGYc_r1gAANQl [info] Sent 501 in 22µs on GET /api/v2/proxy/account-abstraction/status?
2025-09-11T01:39:00.940 application=api_v2 request_id=GGQWuZatRSR6qLMAASxB [info] Sent 200 in 5ms on GET /api/v2/main-page/indexing-status?
2025-09-11T01:39:00.942 application=api_v2 request_id=GGQWuZcoN5dGBm8AASxh [info] Sent 501 in 47µs on GET /api/v2/proxy/account-abstraction/status?
2025-09-11T01:39:05.955 application=api_v2 request_id=GGQWusGIcmSBLF4AAS4h [info] Sent 200 in 6ms on GET /api/v2/main-page/indexing-status?
2025-09-11T01:39:05.959 application=api_v2 request_id=GGQWusIol3bVS-AAAK1m [info] Sent 501 in 56µs on GET /api/v2/proxy/account-abstraction/status?
2025-09-11T01:39:10.971 application=api_v2 request_id=GGQWu-yIRfdxs90AAS9B [info] Sent 200 in 5ms on GET /api/v2/main-page/indexing-status?
2025-09-11T01:39:10.974 application=api_v2 request_id=GGQWu-0YXfwaZX0AAS9h [info] Sent 501 in 76µs on GET /api/v2/proxy/account-abstraction/status?
2025-09-11T01:39:15.987 application=api_v2 request_id=GGQWvReHcG6Pl8cAATAh [info] Sent 200 in 5ms on GET /api/v2/main-page/indexing-status?
2025-09-11T01:39:15.990 application=api_v2 request_id=GGQWvRgNxzhIIAwAATBB [info] Sent 501 in 57µs on GET /api/v2/proxy/account-abstraction/status?
2025-09-11T01:39:21.000 application=api_v2 request_id=GGQWvkJcMsasascAATGh [info] Sent 200 in 4ms on GET /api/v2/main-page/indexing-status?
2025-09-11T01:39:21.003 application=api_v2 request_id=GGQWvkLTnZOLPt0AATHB [info] Sent 501 in 55µs on GET /api/v2/proxy/account-abstraction/status?
2025-09-11T01:39:26.014 application=api_v2 request_id=GGQWv20uDu4KhYYAATQB [info] Sent 200 in 5ms on GET /api/v2/main-page/indexing-status?
2025-09-11T01:39:26.017 application=api_v2 request_id=GGQWv220qMf6Rw8AALHG [info] Sent 501 in 67µs on GET /api/v2/proxy/account-abstraction/status?
2025-09-11T01:39:31.029 application=api_v2 request_id=GGQWwJgnblN6ltgAANpl [info] Sent 200 in 4ms on GET /api/v2/main-page/indexing-status?
2025-09-11T01:39:31.032 application=api_v2 request_id=GGQWwJiiAWSyZLMAAOKi [info] Sent 501 in 54µs on GET /api/v2/proxy/account-abstraction/status?
2025-09-11T01:39:36.043 application=api_v2 request_id=GGQWwcL8VZ0lIJcAATdB [info] Sent 200 in 5ms on GET /api/v2/main-page/indexing-status?
2025-09-11T01:39:36.046 application=api_v2 request_id=GGQWwcN8Ov2RuPQAAJmn [info] Sent 501 in 49µs on GET /api/v2/proxy/account-abstraction/status?
2025-09-11T01:39:41.059 application=api_v2 request_id=GGQWwu3c2T0sAyQAAONi [info] Sent 200 in 6ms on GET /api/v2/main-page/indexing-status?
2025-09-11T01:39:41.063 application=api_v2 request_id=GGQWwu59inL0y4YAALRG [info] Sent 501 in 83µs on GET /api/v2/proxy/account-abstraction/status?
2025-09-11T01:39:46.075 application=api_v2 request_id=GGQWxBjkztjVb5QAAOQC [info] Sent 200 in 6ms on GET /api/v2/main-page/indexing-status?
2025-09-11T01:39:46.078 application=api_v2 request_id=GGQWxBl0dWtB5YwAALVm [info] Sent 501 in 50µs on GET /api/v2/proxy/account-abstraction/status?
2025-09-11T01:39:51.101 application=api_v2 request_id=GGQWxUQodyh5RyMAALWG [info] Sent 200 in 10ms on GET /api/v2/main-page/indexing-status?
2025-09-11T01:39:51.105 application=api_v2 request_id=GGQWxUUXQ3uFRGwAALWm [info] Sent 501 in 174µs on GET /api/v2/proxy/account-abstraction/status?
2025-09-11T01:39:56.125 application=api_v2 request_id=GGQWxm_fTFfqZ0sAAJ5H [info] Sent 200 in 6ms on GET /api/v2/main-page/indexing-status?
2025-09-11T01:39:56.129 application=api_v2 request_id=GGQWxnCBsUIPO-gAATwB [info] Sent 501 in 48µs on GET /api/v2/proxy/account-abstraction/status?
2025-09-11T01:40:01.160 application=api_v2 request_id=GGQWx5vFcIZ-1hsAAL7D [info] Sent 200 in 8ms on GET /api/v2/main-page/indexing-status?
2025-09-11T01:40:01.162 application=api_v2 request_id=GGQWx5yJOCg1HiIAAOei [info] Sent 501 in 105µs on GET /api/v2/proxy/account-abstraction/status?
2025-09-11T01:40:06.178 application=api_v2 request_id=GGQWyMb9D3cQfacAAT2h [info] Sent 200 in 8ms on GET /api/v2/main-page/indexing-status?
2025-09-11T01:40:06.182 application=api_v2 request_id=GGQWyMe5bxlZiZ8AAT3B [info] Sent 501 in 60µs on GET /api/v2/proxy/account-abstraction/status?
2025-09-11T01:40:11.205 application=api_v2 request_id=GGQWyfJT5Z3AhLoAAT6B [info] Sent 200 in 12ms on GET /api/v2/main-page/indexing-status?
2025-09-11T01:40:11.208 application=api_v2 request_id=GGQWyfNIMNdGU9sAAT6h [info] Sent 501 in 68µs on GET /api/v2/proxy/account-abstraction/status?
2025-09-11T01:40:16.226 application=api_v2 request_id=GGQWyx3IYkJbLeMAAT-B [info] Sent 200 in 10ms on GET /api/v2/main-page/indexing-status?
2025-09-11T01:40:16.230 application=api_v2 request_id=GGQWyx6cIKRxkmEAAT-h [info] Sent 501 in 66µs on GET /api/v2/proxy/account-abstraction/status?
2025-09-11T01:40:21.245 application=api_v2 request_id=GGQWzEkiigRASC0AAUAh [info] Sent 200 in 7ms on GET /api/v2/main-page/indexing-status?
2025-09-11T01:40:21.249 application=api_v2 request_id=GGQWzEnO258kvvcAAUBB [info] Sent 501 in 97µs on GET /api/v2/proxy/account-abstraction/status?
2025-09-11T01:40:26.266 application=api_v2 request_id=GGQWzXRlurUmsS0AAUDh [info] Sent 200 in 7ms on GET /api/v2/main-page/indexing-status?
2025-09-11T01:40:26.270 application=api_v2 request_id=GGQWzXUZLQXs71QAAUEB [info] Sent 501 in 56µs on GET /api/v2/proxy/account-abstraction/status?
2025-09-11T01:40:31.285 application=api_v2 request_id=GGQWzp-vYv8vin0AAUIh [info] Sent 200 in 5ms on GET /api/v2/main-page/indexing-status?
2025-09-11T01:40:31.288 application=api_v2 request_id=GGQWzqAssR9E2z4AAUJB [info] Sent 501 in 69µs on GET /api/v2/proxy/account-abstraction/status?
2025-09-11T01:40:36.300 application=api_v2 request_id=GGQWz8qNL_WeCBcAALtm [info] Sent 200 in 6ms on GET /api/v2/main-page/indexing-status?
2025-09-11T01:40:36.303 application=api_v2 request_id=GGQWz8sY0JZxjqYAALuG [info] Sent 501 in 58µs on GET /api/v2/proxy/account-abstraction/status?
2025-09-11T01:40:41.317 application=api_v2 request_id=GGQW0PW0XRkUkjUAAUUB [info] Sent 200 in 4ms on GET /api/v2/main-page/indexing-status?
2025-09-11T01:40:41.321 application=api_v2 request_id=GGQW0PY2IiAW34MAAUUh [info] Sent 501 in 58µs on GET /api/v2/proxy/account-abstraction/status?
2025-09-11T01:40:46.332 application=api_v2 request_id=GGQW0iCIy8lPvZMAAUbB [info] Sent 200 in 5ms on GET /api/v2/main-page/indexing-status?
2025-09-11T01:40:46.334 application=api_v2 request_id=GGQW0iEIhlrzPpsAAOXF [info] Sent 501 in 46µs on GET /api/v2/proxy/account-abstraction/status?
2025-09-11T01:40:51.346 application=api_v2 request_id=GGQW00tnxqlkQuQAAUgB [info] Sent 200 in 5ms on GET /api/v2/main-page/indexing-status?
2025-09-11T01:40:51.349 application=api_v2 request_id=GGQW00vnLJhbT7gAAUgh [info] Sent 501 in 67µs on GET /api/v2/proxy/account-abstraction/status?
2025-09-11T01:40:56.359 application=api_v2 request_id=GGQW1HYwiOg0lLkAAUmh [info] Sent 200 in 5ms on GET /api/v2/main-page/indexing-status?
2025-09-11T01:40:56.361 application=api_v2 request_id=GGQW1HajllswnnIAAL5G [info] Sent 501 in 37µs on GET /api/v2/proxy/account-abstraction/status?
2025-09-11T01:41:01.373 application=api_v2 request_id=GGQW1aD3iXHtRKAAAL6G [info] Sent 200 in 6ms on GET /api/v2/main-page/indexing-status?
2025-09-11T01:41:01.376 application=api_v2 request_id=GGQW1aGR7DpALnAAAL6m [info] Sent 501 in 67µs on GET /api/v2/proxy/account-abstraction/status?
2025-09-11T01:41:06.389 application=api_v2 request_id=GGQW1svyPQDQRSgAAUxh [info] Sent 200 in 6ms on GET /api/v2/main-page/indexing-status?
2025-09-11T01:41:06.392 application=api_v2 request_id=GGQW1syGvKAsGl8AAMkj [info] Sent 501 in 49µs on GET /api/v2/proxy/account-abstraction/status?
2025-09-11T01:41:11.406 application=api_v2 request_id=GGQW1_bmg2Fj8X8AAU5h [info] Sent 200 in 8ms on GET /api/v2/main-page/indexing-status?
2025-09-11T01:41:11.410 application=api_v2 request_id=GGQW1_edrLS558sAAU6B [info] Sent 501 in 76µs on GET /api/v2/proxy/account-abstraction/status?
2025-09-11T01:41:16.421 application=api_v2 request_id=GGQW2SH19-6SMSEAAU-h [info] Sent 200 in 5ms on GET /api/v2/main-page/indexing-status?
2025-09-11T01:41:16.425 application=api_v2 request_id=GGQW2SKMfm_ymlgAAKqH [info] Sent 501 in 85µs on GET /api/v2/proxy/account-abstraction/status?
2025-09-11T01:41:21.439 application=api_v2 request_id=GGQW2k0QLeYSBfkAAVFB [info] Sent 200 in 4ms on GET /api/v2/main-page/indexing-status?
2025-09-11T01:41:21.441 application=api_v2 request_id=GGQW2k2GpBK2wZQAAVFh [info] Sent 501 in 67µs on GET /api/v2/proxy/account-abstraction/status?
2025-09-11T01:41:26.458 application=api_v2 request_id=GGQW23gAQT40i60AAVHB [info] Sent 200 in 8ms on GET /api/v2/main-page/indexing-status?
2025-09-11T01:41:26.462 application=api_v2 request_id=GGQW23jKT6XLIL4AAVHh [info] Sent 501 in 105µs on GET /api/v2/proxy/account-abstraction/status?
2025-09-11T01:41:31.477 application=api_v2 request_id=GGQW3KNEQce21UcAAPSC [info] Sent 200 in 6ms on GET /api/v2/main-page/indexing-status?
2025-09-11T01:41:31.480 application=api_v2 request_id=GGQW3KPf9c7sbBIAAVNB [info] Sent 501 in 55µs on GET /api/v2/proxy/account-abstraction/status?
2025-09-11T01:41:36.495 application=api_v2 request_id=GGQW3c5FxP6jj0UAAVSB [info] Sent 200 in 8ms on GET /api/v2/main-page/indexing-status?
2025-09-11T01:41:36.498 application=api_v2 request_id=GGQW3c7206fpAbQAAVSh [info] Sent 501 in 52µs on GET /api/v2/proxy/account-abstraction/status?
2025-09-11T01:41:41.510 application=api_v2 request_id=GGQW3vlPRxUiFm0AAVZB [info] Sent 200 in 6ms on GET /api/v2/main-page/indexing-status?
2025-09-11T01:41:41.513 application=api_v2 request_id=GGQW3vnrEMGthp0AAVZh [info] Sent 501 in 69µs on GET /api/v2/proxy/account-abstraction/status?
2025-09-11T01:41:46.528 application=api_v2 request_id=GGQW4CReV9xl-C8AAVfh [info] Sent 200 in 7ms on GET /api/v2/main-page/indexing-status?
2025-09-11T01:41:46.532 application=api_v2 request_id=GGQW4CUGSIkO1TAAAVgB [info] Sent 501 in 62µs on GET /api/v2/proxy/account-abstraction/status?
2025-09-11T01:41:51.544 application=api_v2 request_id=GGQW4U99MvQbDnUAAVlh [info] Sent 200 in 5ms on GET /api/v2/main-page/indexing-status?
2025-09-11T01:41:51.548 application=api_v2 request_id=GGQW4VABY8Y8Z-YAAVmB [info] Sent 501 in 56µs on GET /api/v2/proxy/account-abstraction/status?
2025-09-11T01:41:56.560 application=api_v2 request_id=GGQW4npkTO-y07AAAVoB [info] Sent 200 in 6ms on GET /api/v2/main-page/indexing-status?
2025-09-11T01:41:56.564 application=api_v2 request_id=GGQW4nsCGHGw5eYAAPci [info] Sent 501 in 210µs on GET /api/v2/proxy/account-abstraction/status?
2025-09-11T01:42:01.577 application=api_v2 request_id=GGQW46V5EQZexwUAAVqB [info] Sent 200 in 5ms on GET /api/v2/main-page/indexing-status?
2025-09-11T01:42:01.581 application=api_v2 request_id=GGQW46YHwVjuvWUAAVqh [info] Sent 501 in 126µs on GET /api/v2/proxy/account-abstraction/status?
2025-09-11T01:42:06.594 application=api_v2 request_id=GGQW5NB8CR9xt0AAAVrh [info] Sent 200 in 6ms on GET /api/v2/main-page/indexing-status?
2025-09-11T01:42:06.598 application=api_v2 request_id=GGQW5NEUxbVq7_UAAVsB [info] Sent 501 in 68µs on GET /api/v2/proxy/account-abstraction/status?
2025-09-11T01:42:11.611 application=api_v2 request_id=GGQW5ft_DrqjRiYAAVtB [info] Sent 200 in 6ms on GET /api/v2/main-page/indexing-status?
2025-09-11T01:42:11.614 application=api_v2 request_id=GGQW5fwREFVhDHEAAVth [info] Sent 501 in 73µs on GET /api/v2/proxy/account-abstraction/status?
2025-09-11T01:42:16.630 application=api_v2 request_id=GGQW5yap40Gqq6MAAVuh [info] Sent 200 in 6ms on GET /api/v2/main-page/indexing-status?
2025-09-11T01:42:16.634 application=api_v2 request_id=GGQW5yc9JDF1rZYAAVvB [info] Sent 501 in 62µs on GET /api/v2/proxy/account-abstraction/status?
2025-09-11T01:42:21.655 application=api_v2 request_id=GGQW6FHJat-u6-UAAVzB [info] Sent 200 in 12ms on GET /api/v2/main-page/indexing-status?
2025-09-11T01:42:21.658 application=api_v2 request_id=GGQW6FK8zQZsdyAAAMwk [info] Sent 501 in 75µs on GET /api/v2/proxy/account-abstraction/status?
2025-09-11T01:42:26.666 application=api_v2 request_id=GGQW6Xz3PawIrAYAAM3E [info] Sent 200 in 4ms on GET /api/v2/main-page/indexing-status?
2025-09-11T01:42:26.668 application=api_v2 request_id=GGQW6X1aQNchpGcAAM3k [info] Sent 501 in 26µs on GET /api/v2/proxy/account-abstraction/status?
2025-09-11T01:42:31.682 application=api_v2 request_id=GGQW6qe4M9Kpaz0AAP4C [info] Sent 200 in 8ms on GET /api/v2/main-page/indexing-status?
2025-09-11T01:42:31.686 application=api_v2 request_id=GGQW6qhtkIiug5YAAV4B [info] Sent 501 in 60µs on GET /api/v2/proxy/account-abstraction/status?
2025-09-11T01:42:36.696 application=api_v2 request_id=GGQW69LEQpQqX8cAAV7h [info] Sent 200 in 4ms on GET /api/v2/main-page/indexing-status?
2025-09-11T01:42:36.698 application=api_v2 request_id=GGQW69Mt76NEOKoAAV8B [info] Sent 501 in 48µs on GET /api/v2/proxy/account-abstraction/status?
2025-09-11T01:42:41.712 application=api_v2 request_id=GGQW7P2J7c7kDn4AANDE [info] Sent 200 in 8ms on GET /api/v2/main-page/indexing-status?
2025-09-11T01:42:41.717 application=api_v2 request_id=GGQW7P5QcsV0TQMAAWAh [info] Sent 501 in 58µs on GET /api/v2/proxy/account-abstraction/status?
2025-09-11T01:42:46.724 application=api_v2 request_id=GGQW7iib5pA5yyQAAWDh [info] Sent 200 in 2ms on GET /api/v2/main-page/indexing-status?
2025-09-11T01:42:46.725 application=api_v2 request_id=GGQW7ijWhWb8FY8AAWEB [info] Sent 501 in 20µs on GET /api/v2/proxy/account-abstraction/status?
2025-09-11T01:42:51.737 application=api_v2 request_id=GGQW71MduXXeJXUAAWFh [info] Sent 200 in 7ms on GET /api/v2/main-page/indexing-status?
2025-09-11T01:42:51.741 application=api_v2 request_id=GGQW71PSmK5jkpYAAWGB [info] Sent 501 in 97µs on GET /api/v2/proxy/account-abstraction/status?
2025-09-11T01:42:56.749 application=api_v2 request_id=GGQW8H4i1eUh_rIAAWGh [info] Sent 200 in 3ms on GET /api/v2/main-page/indexing-status?
2025-09-11T01:42:56.751 application=api_v2 request_id=GGQW8H5nZk7L8isAAWHB [info] Sent 501 in 34µs on GET /api/v2/proxy/account-abstraction/status?
2025-09-11T01:43:01.762 application=api_v2 request_id=GGQW8ajKucCbvfAAAWHh [info] Sent 200 in 5ms on GET /api/v2/main-page/indexing-status?
2025-09-11T01:43:01.766 application=api_v2 request_id=GGQW8alUxRt1z5IAAPyF [info] Sent 501 in 57µs on GET /api/v2/proxy/account-abstraction/status?
2025-09-11T01:43:06.774 application=api_v2 request_id=GGQW8tOfPMi_fckAAWIB [info] Sent 200 in 4ms on GET /api/v2/main-page/indexing-status?
2025-09-11T01:43:06.776 application=api_v2 request_id=GGQW8tPy605RX2IAAWIh [info] Sent 501 in 25µs on GET /api/v2/proxy/account-abstraction/status?
2025-09-11T01:43:11.788 application=api_v2 request_id=GGQW8_5ZjryxRAAAAWLB [info] Sent 200 in 5ms on GET /api/v2/main-page/indexing-status?
2025-09-11T01:43:11.791 application=api_v2 request_id=GGQW8_7dgYuSJAMAAWLh [info] Sent 501 in 58µs on GET /api/v2/proxy/account-abstraction/status?
2025-09-11T01:43:16.800 application=api_v2 request_id=GGQW9Sk58IECm7EAAWPh [info] Sent 200 in 3ms on GET /api/v2/main-page/indexing-status?
2025-09-11T01:43:16.801 application=api_v2 request_id=GGQW9SmF7U21XNwAAWQB [info] Sent 501 in 27µs on GET /api/v2/proxy/account-abstraction/status?
2025-09-11T01:43:21.818 application=api_v2 request_id=GGQW9lQm1REdlcIAAWRB [info] Sent 200 in 5ms on GET /api/v2/main-page/indexing-status?
2025-09-11T01:43:21.822 application=api_v2 request_id=GGQW9lS9eqkVSVEAANgk [info] Sent 501 in 68µs on GET /api/v2/proxy/account-abstraction/status?
2025-09-11T01:43:26.835 application=api_v2 request_id=GGQW938_TolDIMwAAWTh [info] Sent 200 in 5ms on GET /api/v2/main-page/indexing-status?
2025-09-11T01:43:26.839 application=api_v2 request_id=GGQW93_I9Ki-FdUAANkE [info] Sent 501 in 133µs on GET /api/v2/proxy/account-abstraction/status?
2025-09-11T01:43:31.850 application=api_v2 request_id=GGQW-Koj-cxlslwAAWaB [info] Sent 200 in 5ms on GET /api/v2/main-page/indexing-status?
2025-09-11T01:43:31.854 application=api_v2 request_id=GGQW-KqywTsU_Y0AAWah [info] Sent 501 in 82µs on GET /api/v2/proxy/account-abstraction/status?
2025-09-11T01:43:36.864 application=api_v2 request_id=GGQW-dUOyQCNtDMAAWjB [info] Sent 200 in 4ms on GET /api/v2/main-page/indexing-status?
2025-09-11T01:43:36.866 application=api_v2 request_id=GGQW-dV0LWJI2r0AAWjh [info] Sent 501 in 30µs on GET /api/v2/proxy/account-abstraction/status?
2025-09-11T01:43:41.876 application=api_v2 request_id=GGQW-v_CfW-SNqkAAQiC [info] Sent 200 in 5ms on GET /api/v2/main-page/indexing-status?
2025-09-11T01:43:41.879 application=api_v2 request_id=GGQW-wBB_eUKn_AAAWrB [info] Sent 501 in 55µs on GET /api/v2/proxy/account-abstraction/status?
2025-09-11T01:43:46.889 application=api_v2 request_id=GGQW_CqdS3ffJjIAAQpi [info] Sent 200 in 4ms on GET /api/v2/main-page/indexing-status?
2025-09-11T01:43:46.892 application=api_v2 request_id=GGQW_CsKqvp2hIYAAQqC [info] Sent 501 in 41µs on GET /api/v2/proxy/account-abstraction/status?
2025-09-11T01:43:51.901 application=api_v2 request_id=GGQW_VVcXeTsA2MAAOXj [info] Sent 200 in 4ms on GET /api/v2/main-page/indexing-status?
2025-09-11T01:43:51.904 application=api_v2 request_id=GGQW_VXTQ-F5K9YAAOYD [info] Sent 501 in 50µs on GET /api/v2/proxy/account-abstraction/status?
2025-09-11T01:43:56.914 application=api_v2 request_id=GGQW_oAgz_dfP74AAN_k [info] Sent 200 in 5ms on GET /api/v2/main-page/indexing-status?
2025-09-11T01:43:56.917 application=api_v2 request_id=GGQW_oCmrX-9OpQAAOAE [info] Sent 501 in 55µs on GET /api/v2/proxy/account-abstraction/status?
2025-09-11T01:44:01.929 application=api_v2 request_id=GGQW_6sJv1psm2kAAOlD [info] Sent 200 in 5ms on GET /api/v2/main-page/indexing-status?
2025-09-11T01:44:01.932 application=api_v2 request_id=GGQW_6uMxijv8TQAAXGh [info] Sent 501 in 52µs on GET /api/v2/proxy/account-abstraction/status?
2025-09-11T01:44:06.946 application=api_v2 request_id=GGQXANYRZtSWCt8AAOEE [info] Sent 200 in 6ms on GET /api/v2/main-page/indexing-status?
2025-09-11T01:44:06.949 application=api_v2 request_id=GGQXANaewa76L_IAAOEk [info] Sent 501 in 56µs on GET /api/v2/proxy/account-abstraction/status?
2025-09-11T01:44:11.972 application=api_v2 request_id=GGQXAgFUR8QmcV0AAOwD [info] Sent 200 in 9ms on GET /api/v2/main-page/indexing-status?
2025-09-11T01:44:11.976 application=api_v2 request_id=GGQXAgI6L-OHyH8AAXOB [info] Sent 501 in 136µs on GET /api/v2/proxy/account-abstraction/status?
2025-09-11T01:46:02.376 application=api_v2 request_id=GGQXG7Yo8hGv9t0AAYxh [info] Sent 200 in 5ms on GET /api/v2/main-page/indexing-status?
2025-09-11T01:46:02.378 application=api_v2 request_id=GGQXG7ao7hCXk9cAAYyB [info] Sent 501 in 45µs on GET /api/v2/proxy/account-abstraction/status?
2025-09-11T01:46:07.389 application=api_v2 request_id=GGQXHOD5N3xOsbMAAY2B [info] Sent 200 in 6ms on GET /api/v2/main-page/indexing-status?
2025-09-11T01:46:07.393 application=api_v2 request_id=GGQXHOGODwDQZR8AAP5j [info] Sent 501 in 62µs on GET /api/v2/proxy/account-abstraction/status?
2025-09-11T01:46:12.403 application=api_v2 request_id=GGQXHgvljCxwv3gAAP8D [info] Sent 200 in 4ms on GET /api/v2/main-page/indexing-status?
2025-09-11T01:46:12.406 application=api_v2 request_id=GGQXHgxXggCVN1IAASEi [info] Sent 501 in 55µs on GET /api/v2/proxy/account-abstraction/status?
2025-09-11T01:46:17.420 application=api_v2 request_id=GGQXHzbLiiQiqzUAAY9h [info] Sent 200 in 6ms on GET /api/v2/main-page/indexing-status?
2025-09-11T01:46:17.423 application=api_v2 request_id=GGQXHzdmlyzJWUwAAY-B [info] Sent 501 in 55µs on GET /api/v2/proxy/account-abstraction/status?
2025-09-11T01:46:22.431 application=api_v2 request_id=GGQXIGG2YFZFEKYAARml [info] Sent 200 in 3ms on GET /api/v2/main-page/indexing-status?
2025-09-11T01:46:22.433 application=api_v2 request_id=GGQXIGIAhchbju8AARnF [info] Sent 501 in 27µs on GET /api/v2/proxy/account-abstraction/status?
2025-09-11T01:46:27.445 application=api_v2 request_id=GGQXIYxpdj0JoeAAAZFh [info] Sent 200 in 5ms on GET /api/v2/main-page/indexing-status?
2025-09-11T01:46:27.448 application=api_v2 request_id=GGQXIYzwFSEZ_tkAARtF [info] Sent 501 in 58µs on GET /api/v2/proxy/account-abstraction/status?
2025-09-11T01:46:32.459 application=api_v2 request_id=GGQXIrdalAaffQgAASPC [info] Sent 200 in 4ms on GET /api/v2/main-page/indexing-status?
2025-09-11T01:46:32.462 application=api_v2 request_id=GGQXIrfL3ndztsMAARwF [info] Sent 501 in 62µs on GET /api/v2/proxy/account-abstraction/status?
2025-09-11T01:46:37.475 application=api_v2 request_id=GGQXI-I92gdhhF8AARyl [info] Sent 200 in 5ms on GET /api/v2/main-page/indexing-status?
2025-09-11T01:46:37.478 application=api_v2 request_id=GGQXI-LAbJ-HRRsAARzF [info] Sent 501 in 69µs on GET /api/v2/proxy/account-abstraction/status?
2025-09-11T01:46:42.498 application=api_v2 request_id=GGQXJQ16lokZHYYAAQQD [info] Sent 200 in 7ms on GET /api/v2/main-page/indexing-status?
2025-09-11T01:46:42.503 application=api_v2 request_id=GGQXJQ5B4B2vR5cAAZXh [info] Sent 501 in 144µs on GET /api/v2/proxy/account-abstraction/status?
2025-09-11T01:46:47.516 application=api_v2 request_id=GGQXJji2JSACe4IAAZeB [info] Sent 200 in 6ms on GET /api/v2/main-page/indexing-status?
2025-09-11T01:46:47.519 application=api_v2 request_id=GGQXJjk-WXSz8GcAAZeh [info] Sent 501 in 38µs on GET /api/v2/proxy/account-abstraction/status?
