2025-09-11T01:18:32.750 application=explorer [info] tx/per day chart: collect records for transactions per day stats
2025-09-11T01:18:32.750 application=explorer [info] tx/per day chart: earliest date 2025-09-02 00:00:00Z
2025-09-11T01:18:32.750 application=explorer [info] tx/per day chart: latest date 2025-09-02 23:59:59Z
2025-09-11T01:18:32.795 application=explorer [info] tx/per day chart: timestamp cannot be converted to min/max blocks, trying to find min/max blocks through a fallback option}
2025-09-11T01:18:32.815 application=explorer [warning] tx/per day chart: failed to get min/max blocks through a fallback option}
2025-09-11T01:18:32.815 application=explorer [info] tx/per day chart: collect records for transactions per day stats
2025-09-11T01:18:32.815 application=explorer [info] tx/per day chart: earliest date 2025-09-03 00:00:00Z
2025-09-11T01:18:32.815 application=explorer [info] tx/per day chart: latest date 2025-09-03 23:59:59Z
2025-09-11T01:18:32.824 application=explorer [info] tx/per day chart: timestamp cannot be converted to min/max blocks, trying to find min/max blocks through a fallback option}
2025-09-11T01:18:32.825 application=explorer [warning] tx/per day chart: failed to get min/max blocks through a fallback option}
2025-09-11T01:18:32.825 application=explorer [info] tx/per day chart: collect records for transactions per day stats
2025-09-11T01:18:32.825 application=explorer [info] tx/per day chart: earliest date 2025-09-04 00:00:00Z
2025-09-11T01:18:32.825 application=explorer [info] tx/per day chart: latest date 2025-09-04 23:59:59Z
2025-09-11T01:18:32.827 application=explorer [info] tx/per day chart: timestamp cannot be converted to min/max blocks, trying to find min/max blocks through a fallback option}
2025-09-11T01:18:32.831 application=explorer [info] SanitizeIncorrectWETHTokenTransfers deletion of duplicates finished, continuing with deletion of not whitelisted weth transfers
2025-09-11T01:18:32.833 application=explorer [info] SanitizeIncorrectNFTTokenTransfers `delete_erc_721` step is finished
2025-09-11T01:18:32.833 application=explorer [warning] tx/per day chart: failed to get min/max blocks through a fallback option}
2025-09-11T01:18:32.833 application=explorer [info] tx/per day chart: collect records for transactions per day stats
2025-09-11T01:18:32.834 application=explorer [info] tx/per day chart: earliest date 2025-09-05 00:00:00Z
2025-09-11T01:18:32.834 application=explorer [info] tx/per day chart: latest date 2025-09-05 23:59:59Z
2025-09-11T01:18:32.839 application=explorer [info] tx/per day chart: timestamp cannot be converted to min/max blocks, trying to find min/max blocks through a fallback option}
2025-09-11T01:18:32.840 application=explorer [info] SanitizeIncorrectNFTTokenTransfers `delete_erc_1155` step is finished
2025-09-11T01:18:32.840 application=explorer [warning] tx/per day chart: failed to get min/max blocks through a fallback option}
2025-09-11T01:18:32.840 application=explorer [info] tx/per day chart: collect records for transactions per day stats
2025-09-11T01:18:32.840 application=explorer [info] tx/per day chart: earliest date 2025-09-06 00:00:00Z
2025-09-11T01:18:32.840 application=explorer [info] tx/per day chart: latest date 2025-09-06 23:59:59Z
2025-09-11T01:18:32.845 application=explorer [info] tx/per day chart: timestamp cannot be converted to min/max blocks, trying to find min/max blocks through a fallback option}
2025-09-11T01:18:32.850 application=explorer [info] SanitizeIncorrectNFTTokenTransfers migration finished
2025-09-11T01:18:32.859 application=explorer [warning] tx/per day chart: failed to get min/max blocks through a fallback option}
2025-09-11T01:18:32.859 application=explorer [info] tx/per day chart: collect records for transactions per day stats
2025-09-11T01:18:32.859 application=explorer [info] tx/per day chart: earliest date 2025-09-07 00:00:00Z
2025-09-11T01:18:32.860 application=explorer [info] tx/per day chart: latest date 2025-09-07 23:59:59Z
2025-09-11T01:18:32.863 application=explorer [info] tx/per day chart: timestamp cannot be converted to min/max blocks, trying to find min/max blocks through a fallback option}
2025-09-11T01:18:32.864 application=explorer [warning] tx/per day chart: failed to get min/max blocks through a fallback option}
2025-09-11T01:18:32.864 application=explorer [info] tx/per day chart: collect records for transactions per day stats
2025-09-11T01:18:32.864 application=explorer [info] tx/per day chart: earliest date 2025-09-08 00:00:00Z
2025-09-11T01:18:32.864 application=explorer [info] tx/per day chart: latest date 2025-09-08 23:59:59Z
2025-09-11T01:18:32.865 application=explorer [info] tx/per day chart: timestamp cannot be converted to min/max blocks, trying to find min/max blocks through a fallback option}
2025-09-11T01:18:32.866 application=explorer [warning] tx/per day chart: failed to get min/max blocks through a fallback option}
2025-09-11T01:18:32.866 application=explorer [info] tx/per day chart: collect records for transactions per day stats
2025-09-11T01:18:32.866 application=explorer [info] tx/per day chart: earliest date 2025-09-09 00:00:00Z
2025-09-11T01:18:32.866 application=explorer [info] tx/per day chart: latest date 2025-09-09 23:59:59Z
2025-09-11T01:18:32.867 application=explorer [info] tx/per day chart: timestamp cannot be converted to min/max blocks, trying to find min/max blocks through a fallback option}
2025-09-11T01:18:32.868 application=explorer [warning] tx/per day chart: failed to get min/max blocks through a fallback option}
2025-09-11T01:18:32.868 application=explorer [info] tx/per day chart: collect records for transactions per day stats
2025-09-11T01:18:32.868 application=explorer [info] tx/per day chart: earliest date 2025-09-10 00:00:00Z
2025-09-11T01:18:32.868 application=explorer [info] tx/per day chart: latest date 2025-09-10 23:59:59Z
2025-09-11T01:18:32.869 application=explorer [info] tx/per day chart: timestamp cannot be converted to min/max blocks, trying to find min/max blocks through a fallback option}
2025-09-11T01:18:32.870 application=explorer [warning] tx/per day chart: failed to get min/max blocks through a fallback option}
2025-09-11T01:18:32.870 application=explorer [info] tx/per day chart: collect records for transactions per day stats
2025-09-11T01:18:32.870 application=explorer [info] tx/per day chart: records collected [%{date: ~D[2025-09-10], gas_used: 0, number_of_transactions: 0, total_fee: 0}, %{date: ~D[2025-09-09], gas_used: 0, number_of_transactions: 0, total_fee: 0}, %{date: ~D[2025-09-08], gas_used: 0, number_of_transactions: 0, total_fee: 0}, %{date: ~D[2025-09-07], gas_used: 0, number_of_transactions: 0, total_fee: 0}, %{date: ~D[2025-09-06], gas_used: 0, number_of_transactions: 0, total_fee: 0}, %{date: ~D[2025-09-05], gas_used: 0, number_of_transactions: 0, total_fee: 0}, %{date: ~D[2025-09-04], gas_used: 0, number_of_transactions: 0, total_fee: 0}, %{date: ~D[2025-09-03], gas_used: 0, number_of_transactions: 0, total_fee: 0}, %{date: ~D[2025-09-02], gas_used: 0, number_of_transactions: 0, total_fee: 0}]
2025-09-11T01:18:32.870 application=explorer [info] tx/per day chart: save records
2025-09-11T01:18:32.872 application=explorer [info] tx/per day chart: number of inserted 10
2025-09-11T01:18:47.748 application=explorer [info] Fetching chain spec path: nil.
2025-09-11T01:18:47.748 application=explorer [info] Fetching precompiled config path: nil.
2025-09-11T01:18:47.748 application=explorer [warning] Genesis data is not fetched. Neither chain spec path or precompiles config path are set.
2025-09-11T01:38:31.793 application=explorer [error] Failed to run create DB index query: %Postgrex.Error{message: nil, postgres: %{code: :deadlock_detected, line: "1130", message: "deadlock detected", file: "deadlock.c", unknown: "ERROR", hint: "See server log for query details.", severity: "ERROR", detail: "Process 106 waits for ShareUpdateExclusiveLock on relation 16487 of database 16384; blocked by process 80.\nProcess 80 waits for ShareLock on virtual transaction 34/166; blocked by process 106.", pg_code: "40P01", routine: "DeadLockReport"}, connection_id: 106, query: nil}
